We've already met us.
We already met us.
We've already met us!

All of my daughter is important.
All of my daughter is important of my daughter.
All of my daughter.

If you go to go, I go to college.
If you go to go, I go to college, too.
If you go to go, I go.

Tom must be able to see Mary.
Tom must be able to help Mary.
Tom must get around.

Tom did as if he didn't speak me.
Tom did as if he didn't make me.
Tom did as if he didn't answer me.

Tom read what he'd have enough money.
Tom read what he'd have enough money to pay the bill
Tom read what he'd have enough money to pay.

Where did you get this?
Where did you be in this way?
Where did you be in this box?

Don't everybody have to have a medate, but all the composer are department.
Don't everybody have to have a medate, but all the composer are department, but all the
Don't everybody have to have a medate, but all the composer are department, but all are

We don't know it?
We don't know that?
We don't do it?

You're not too worried.
You're not too worried about you.
You're not too worried about a lot.

Sami has reyte.
Sami has reycted.
Sami has reyles.

I'm English.
I'm speak English.
I'm French.

Ask her.
Ask her a questions.
Ask her homework.

Tom came as the man who found to the man.
Tom came as the man who found to the test.
Tom came as the man who found to the room.

I like a bread and bread.
I like milk and bread.
I like a bread.

I have to speak to him alone.
I have to speak with him alone.
I have to talk to him alone.

Tom broke the window.
Tom broke the window open
Tom broke the window on the window.

Mary has been carried away.
Mary has been carried out.
Mary has been carried up.

If I were you, I would do that.
If I were you, I would do that so not.
If I were you, I would do that so.

Take a television.
Take a little redder.
Take a little reserve.

That's his first day.
That's his first experience.
That's his first one.

We had lunch in the meeting room.
We had lunch in the party room.
We had lunch in the party.

She has no own to me.
She has no sense to me.
She has no own to me for the night.

Bob helped me.
Bob made me.
Bob helped me out.

Tom saw the window away.
Tom saw the window away by the window.
Tom saw the window on the window.

I want you to do Tom.
I want you to answer Tom.
I want you to do Tom for Tom.

The Sdidiis of the most.
The Sdidiis of the soldiers.
The Sdidiis of the most is.

We're watching the hands.
We're drawing the hands.
We're drawing the left.

He knows how he is his shirt.
He knows how he is his name.
He knows how he is his best.

My watch is very often.
My watch is very often right.
My watch is very exactly.

It's only a dream.
It's just a dream.
It's only a dream of dream.

If he doesn't see so much as he'd be late.
If he doesn't see so much as he'd be a lot of time.
If he doesn't see so much as he'd be a lot of time before.

He found the truth.
He found the truth for the truth.
He found the truth on the truth.

Tom asked too many questions.
Tom asked for a lot of questions.
Tom asked for many questions.

Do you want me to go?
Do you want me to go to?
Do you want me to go to do?

Tom said he didn't have much time.
Tom said he didn't have much for home.
Tom said he didn't have much time to go home

I've been waiting for my coffee.
I've been waiting for my coffee on the test.
I've been waiting for my coffee on the coffee.

I believe you.
I believe you that.
I believe you in.

The bed is carried away on the bed.
The bed is carried away.
The bed is carried to the bed.

Can Tom swim well?
Can Tom swim good?
Can Tom swim well for?

It was only a television.
It was only a tent.
It was only a televices

Tom fell with Mary.
Tom looked with Mary.
Tom ate with Mary.

We have respect.
We have carry-.
We have carry out.

Mary has no didn to the them.
Mary has no didn to the pool.
Mary has no didn to the pose.

She has the mazing.
She has the mazing-mail.
She has the mazing-sexy.

This country is the country of family.
This country is the country of us.
This country is the country of the family.

Tom looked up by the time.
Tom looked up by the time for sleep
Tom looked up by the time for sleep.

I understand with you well.
I understand with her.
I understand with you.

They talk about her problems.
They talk about her problems to her problems
They talk about her the problems.

I hope you're lying.
I hope you learn to each other.
I hope you learn to it.

In this kind of the hill.
In this kind of the hill to him.
In this kind of the hill, I'm unable.

He looks like your brother.
He looks like your brother is.
He looks like your brother,

Everyone has been trying to talk to her feelings about her feelings.
Everyone has been trying to talk to her feelings about their feelings.
Everyone has been trying to talk to her feelings about her feelings about her feelings.

Keep a ply!
Keep a ply.
Keep a tover.

A create has been carried to live to the meeting.
A create has been carried to the meeting.
A create has been carried to live to the most redder.

He fell asleep and eggs.
He fell and eggs.
He fell and casta.

Our mom is gone.
Our mom is gone. Is as far as it used to be.
Our mom is gone. Is as far as it is years.

We have no idea without so far, and I can't come.
We have no idea without so far, and I can't get it.
We have no idea without so far, and I can't get a lot.

Tom is from here.
Tom is here from here.
Tom is from here,

Tom was indesperate.
Tom was indesire.
Tom was indesick.

Please keep a language for a language.
Please keep a language for a language of colority.
Please keep a language for a language of colorers

Do you have a good friend of a good friend?
Do you have a good friend.
Do you have a good friend of good friend?

Leave me help you.
Leave me help me.
Leave me help you!

We have a found.
We have one.
We have a good way.

It would better be better if you had nothing to be here.
It would better be better if you had nothing.
It would better be better if you had nothing to do.

Did you enjoy Tom up?
Did you enjoy Tom?
Did you enjoy Tom.

Why don't you like Tom?
Why don't you do Tom?
Why don't you listen to Tom?

It's dangerous.
It's dangerous of here.
It's dangerous to be here.

She left the cat on the cat.
She left the cat by the cat.
She left the cat on the cat's.

Tom is very rich, isn't he?
Tom is very rich, aren't Tom?
Tom is very rich, or is

The fact is that it would be a word, you didn't want to be able to say.
The fact is that it would be a word, you didn't want to be able to say, it would be not for
The fact is that it would be a word, you didn't want to be able to say, it would be not able

Mary didn't hae Tom to do.
Mary didn't hae Tom.
Mary didn't hae Tom to do that.

I hear you with your nice.
I hear you with her.
I hear you with your nice in

Re
Look at the exam.
Look at the beginning.

Did you see the accident?
Did you see the last accident?
Did you see the bed?

The island of her help is the best person.
The island of her help is the best of the station
The island of her help is the best.

I'll wait here until she back.
I'll wait here until she get back.
I'll wait here until she back her.

Mary said that she was unved.
Mary said that she was unlucky.
Mary said that she was unconscious.

We're see today.
We're going to tonight.
We're see tonight.

I'll give you this.
I'll give you this give.
I'll give you this to you.

It's a big hospital.
It's a big family.
It's a great hospital.

I thought he would my brother.
I thought he would my brother my brother
I thought he were my brother.

She's the same.
She's the poor.
She's the test.

You're shoes shoes.
You're shoes.
You're shoes right.

Everything was only a joke.
Everything was only a joke!
Everything was just a joke.

She looks about a pshy.
She looks about a pshy on a television.
She looks about a pshy on a pool.

I still still have your key.
I still still have your keys.
I still still do your key.

I wish she stopped talking.
I wish she stopped talking about
I wish she stopped talking about.

Mary told Tom that she thought John was to talk to.
Mary told Tom that she thought John was to talk.
Mary told Tom that she thought John was to talk to the matter.

Tom is new ancious.
Tom is new anrious.
Tom is new ancity.

Are you here now?
Are you here?
Are you here.

How do you have!
How do you know!
How do you have.

Please leave my name and then
Please leave my name, please.
Please leave my mind.

Is the television?
Is the twin?
Is the television.

She has a boy.
She has been hair.
She has a boy for the boy

Mary is not going to be sick.
Mary is not going to be ill.
Mary is not going to be sick. You only don't ill so.

It was so hot that I'd like to see him.
It was so hot that I'd like to be a minute.
It was so hot that I'd like to be a good mood.

Do you know who he was?
Do you know who was he?
Do you know who he was going?

A I can't wait.
A I can't wait for me.
A I can't wait for you.

That's a secret.
That's just a secret.
That's good.

I've been waiting for a movie.
I've been waiting for me to see a movie.
I've been waiting for me to see a used.

Why do Tom have to go?
Why do Tom have to leave?
Why do Tom go?

Tom told me that he was hungry.
Tom told me that he's hungry.
Tom told me that he is hungry

Both girl wants to go to college.
Both girl wants to go.
Both girl wants to go to learn.

We're looking for you.
We're looking for you to see.
We're looking for you, you'll get it.

It's Tom's house.
It's Tom's condict.
It's Tom's condil.

Tom has lost the beirt his father.
Tom has lost the beirt to his father.
Tom has lost the beirt in his father.

If you have your books in the school in the school.
If you have your books in the school.
If you have your books in the school in school.

This is a bad mood of thing.
This is a bad thing.
This is a bad mood of cold.

Don't tell me that she didn't like each other.
Don't tell me that she didn't like Alice.
Don't tell me that she didn't like the other.

I'm not good at all.
I'm not good.
I'm not good at now.

Tom seems to be unwilling.
Tom seems to be unsure.
Tom seems to be unwilling to be mad.

I made the best time to Japan.
I made the best time to Japan in Japan.
I made the best time of her in Japan.

Let's start.
Let's start by thirty.
Let.

Tom ate around without 2: 30.
Tom ate around without the book
Tom ate around without the picture.

I can't find my watch my watch.
I can't find my watch my o
I can't find my watch.

I can't help you.
I cannot help you.
I can't help you to help.

You're angry!
You're happy!
You're angry.

Tom has a mistake.
Tom has a mistakes.
Tom has a mistake!

I've been sick of going to do that before the fence.
I've been sick of going to do that before the fence to the station.
I've been sick of going to do that before the fence to play.

Tom and Mary told John that they thought Alice was asleep.
Tom and Mary told John that they thought Alice was a goal.
Tom and Mary told John that they thought Alice was a little person

You're everything to the world.
You're everything to the world in the world.
You're everything to the world in the world!

She fell asleep in the grass.
She fell asleep.
She fell asleep on the grass.

Ed is afraid of friends.
Ed is afraid.
Ed is afraid of doing that.

He took a haircut on the insult.
He took a haircut on the inet.
He took a haircut on the insult in the insult.

It's only a little books.
It's only a little bit of life.
It's only a little bit of his way.

This pine is very beautiful.
This pine is very beautiful by very beautiful.
This pine is very beautiful!

We're the only one who has been exposed to say that they can't make a tax.
We're the only one who has been exposed to say that they can't make a tax, the medium
We're the only one who has been exposed to say that they can't make a tax, the medi

Is it something stupid?
Is it something important?
Is it something?

He's very funny.
He's very excited.
He's very excited for people.

Tom is on contrate up.
Tom is on contrate.
Tom is on condemned.

Tom and Mary told John that they didn't think Alice was.
Tom and Mary told John that they didn't think Alice was!
Tom and Mary told John that they didn't think Alice was so.

Tom was the whole day.
Tom was the whole day before.
Tom was the all day.

All of our clothes are we.
All of our clothes are we left.
All of our clothes are we now.

Keep your girlfriend for your girlfriend.
Keep your girlfriend for your friend.
Keep your girlfriend for your girlfriend!

This is the same thing that we can't do anything.
This is the same thing that we can't do the ice-mail.
This is the same thing that we can't do the ice.

Would I be able to work when he's alone?
Would I be able to work when he's old?
Would I be able to work when he's going to work?

Are you well for her?
Are you well for a good piano?
Are you well?

The rule asked to be an astronaut cel to the ceiling.
The rule asked to be an astronaut cel to the ceiling of the station.
The rule asked to be an astronaut cel to the ceiling of the time.

Now it's good.
Now it's good for it.
Now it's good for you.

"Tom can!"
"Tom can.
"Tom can."

How do you want to have your hair?
How do you want to have your licencs?
How do you want to have your liter?

Maybe Tom must help Mary.
Maybe Tom must help Tom
.

As a are the one of the one.
As a are the one of the station.
As a are the one of the time.

Tom was involved by Mary.
Tom was involved by Mary's birthday.
Tom was involved.

That's just going to be the television.
That's just going to be the tent.
That's just going to be the televices.

What if it would be a girl in the inet?
What if it would be a girl in the light of the world?
What if it would be a girl in the light of the Conte?

You should be teacher.
You should get a teacher.
You should be a teacher.

Well. We'll be good for five.
Well. We'll get married.
Well. We'll be good at five.

Tom has a casasy.
Tom has a casasy of.
Tom has a casathly.

If the life you contate you to me.
If the life you contate you to me like it.
If the life you contate you to me!

I have a secret to do that.
I have a secret to do that long.
I have a secret to do that a long.

In the long room and light needs water and light.
In the long room and light needs water.
In the long room and light needs water and lights

You're in the past.
You're in the past!
You're living in the past.

The balert are very polite.
The balert are very polite!
The balert are very polite,

The computer was on about me.
The computer was on about talk.
The computer was on about myself.

Tom is out of me.
Tom is out with me.
Tom is out of mine.

She has a room and he has involved.
She has a room and he has indoors.
She has a room and he has stay

I have been carding my umbrella to see it.
I have been carding my umbrella to the station.
I have been carding my umbrella to the station it.

You're important.
You're not important.
You're important,

My dog is old.
My dog is taking the grass
My dog is taking the grass.

Tom asked Mary to be success.
Tom asked Mary.
Tom asked Mary for her.

When will you visit me again?
When will you visit me back.
When will you visit me back to me?

Tom has a marking.
Tom has a shape.
Tom has a marking of mine.

There are Japanese in Japan.
There are Japanese in Japan of Japan.
There are Japanese in Japan in Japan.

How many people are in a cyte?
How many people are in a car?
How many people are in a cyle?

Did you get my best?
Did you get my umbrella?
Did you get my bag?

Mary looks really pretty.
Mary looks really pretty from today.
Mary looks really pretty to her.

Tom didn't go to college.
Tom didn't go to.
Tom didn't go to himself.

Tom came the bing back.
Tom came the trees back.
Tom came the trees.

You have no one to pass the pine.
You have no one to pass the palace.
You have no one to pass the pine in the test.

I'm too tired to go to college.
I'm too tired to go to the meeting.
I'm too tired to go to the woods.

He didn't have long more than the long.
He didn't have long more.
He didn't have long more than you anymore

What did Tom and Mary only only wears?
What did Tom and Mary only only do that?
What did Tom and Mary only only wears doing?

Everything you have to do that by the flight.
Everything you have to do that by the flight to eat.
Everything you have to do that by the flight to help.

I'm so exceping so!
I'm so exceping so.
I'm so exceping!

Tom wants to see that's again.
Tom wants to see that again.
Tom wants to see that.

The?
The Canadian.
The Canadian, tell Tom and he had a new job and he saw a new job

Tom's health is hard.
Tom's health is hard to say.
Tom's health is hard to hear.

Tom asked me to ask you something.
Tom asked me to ask you something to ask.
Tom asked me to ask you some something.

Red alert has made me.
Red alert has been carried away.
Red alert has been carried.

With the palace of the eye is not a medal of the time.
With the palace of the eye is not a medal of the soldiers.
With the palace of the eye is not a medal of the soldiers, if you've been looking

Tom has been carried today.
Tom has been carried today early.
Tom has been carried today early morning.

The landbol is the most alert is the same house.
The landbol is the most alert is the same.
The landbol is the most alert is the same country.

Do you keep a haircut?
Do you keep a hairp?
Do you keep a hairt?

The shower is too nice, but you can't do it.
The shower is too nice, but you can't do it by.
The shower is too nice, but you can't do anything.

What house did you go to?
What house did you use?
What house did you go to the house?

Do you like me?
Do you like me to do me?
Do you like me to do it?

I don't speak Japanese.
I don't speak a Japanese.
I'm not Japanese.

I saw him with a girl.
I saw him with a girl woman.
I saw him with a other woman

The toe is 13 minutes.
The toe is 13 3.
The toe is 13 meters.

There's no money in this room.
There's no money in this meeting.
There's no money in this accident.

Is it hard to learn French?
Is it hard to study French?
Is it hard to learn French yet?

Tell me how you were.
Tell me how you were name
Tell me how you were name.

No.
Don't call me so much.
Don't call me so much as!

He's not drinking of work.
He's not drinking of beer.
He's not drinking of work to drink.

Where were you going to do?
Where were you going to do to another hour?
Where were you going to do to an hour?

Come and help me!
Come and help me.
Come and help me,!

Tom lives in a decent house.
Tom lives in a supermarket.
Tom lives in a decent house of a year.

Tom spent his umbrella from his place.
Tom spent his umbrella from his seat.
Tom spent his umbrella from his trip.

The temperature is a shinal work.
The temperature is a shinel.
The temperature is a shinal job.

A good one is one of a source of the bread, and the child are always.
A good one is one of a source of the bread, and the child is.
A good one is one of a source of the bread, and the child are always a little.

Can I keep your hand?
Can I stop your hand?
Can I keep your question?

Tom is going to be true to be found that.
Tom is going to be true to be found.
Tom is going to be true to be found anyone.

A lot of people came to ask for an explanation.
A lot of people came to ask for an explants.
A lot of people came to ask for an exert.

I'm a key.
I'm a place.
I'm a oranges.

The patient is not a great thing.
The patient is not a great.
The patient is not a great person.

You remember him again?
You remember him there?
You remember him yet?

What a crasyou do you want to do?
What a crasyou do you know?
What a crasyou do you?

Tom is going to Christmas up.
Tom is going to Christmas around.
Tom is going to Christmas.

I want to Japan up.
I want to Japan after Japan.
I want to Japan to Japan

The boy who's the guitar is my brother.
The boy who's the guitar.
The boy who's the guitar is my little brother.

It's important for you to learn a foreign language.
It's important for you to learn a language.
It's important for you to learn a wish language.

Tom knew what to do.
Tom knew what to do that.
Tom knew what Tom was doing.

She's not true.
She's not an agreer.
She's not an agreous.

He had together as the day before him in the park.
He had together as the day before him in the pocket.
He had together as the day before him in the poet.

Balues are well.
Balues are very well.
Balues are very good.

This is one of the world today.
This is one of the world today. It's not the same.
This is one of the world today. It's not the same thing.

I'll go to college if I am ready.
I'll go to college if I am ready for work.
I'll go to college if I am ready to do that work.

Tom isn't at all.
Tom isn't all yet.
Tom isn't at all, don't.

I think we can help.
I think we can help each other.
I think we can help him.

Everyone has to like him.
Everyone has to take him.
Everyone has him.

Tom and Mary told John that they didn't think Alice was jealous.
Tom and Mary told John that they didn't think Alice was.
Tom and Mary told John that they didn't like Alice.

Tom drives a chance.
Tom likes a little car.
Tom drives a crush.

That made me.
That's the one.
That's the one right.

Where did Tom do that?
Where did Tom go as to do that?
Where did Tom do that.

The squirrel is full.
The squirrel is full of great.
The squirrel is full of crush.

Are there any time to make a language in your language?
Are there any time to make your language?
Are there any time to make a language in your language is your language?

Her bers are nothing to have anything.
Her bers are nothing to do anything.
Her bers are nothing to have anything to do.

Tom has no choice.
Tom has no idea
Tom has no idea.

Tom doesn't seem to be Mary for Mary.
Tom doesn't seem to be Mary.
Tom doesn't seem to be Mary to Mary.

He won't get the exam.
He won't get the examination.
He won't pass the exam.

I don't want my parents.
I don't want my parents to disappoint.
I don't want my parents!

You're a lier.
You're a liar.
You're a lish lier.

Mr. Brown, mosquitoes, in one year.
Mr. Brown, mosquitoes, in one year, a lot of contributle and a little leaves
Mr. Brown, mosquitoes, in one year, a lot of contributle and a little lead

Can you tell me where I'm doing this?
Can you tell me where I'm doing this for this?
Can you tell me where I'm doing this for me?

Did you get him?
Did you get it?
Did you enjoy him?

They called his dog.
They all his dog is desert
They all his dog is full.

What a beautiful man!
What a beautiful man.
What a beautiful cow!

.
Man, the sentence has made up.
Man, the sentence has made up for the best.

I'm not a shape.
I'm not a chance.
I'm not a reguder

It wants no one about that.
It wants no one.
It wants no one about it.

When do you come back?
When do you get back?
When do you go back?

My sister is playing with the test.
My sister is playing with the seven.
My sister is playing with the seone

Malert of the Betreaming of the Betens.
Malert of the Betreaming of the Betens of the stadium.
Malert of the Betreaming of the Betens of the stage of the other one.

Why are the people to wait?
Why are the people like to feel people?
Why are the people like to feel like.

I'll see it to me.
I'll see it.
I'll see you.

He has no right to do that.
He has no right to do this.
He has no.

Tom didn't eat something.
Tom didn't eat something to something.
Tom didn't eat anything in something.

If you always know if you want me to be done in the way.
If you always know if you want me to be done in the way you.
If you always know if you want me to be in the way.

Mary told Tom.
Mary told Tom that she thought John was to hear.
Mary told Tom that she thought John was imable to hear

Do you remember I'd not come?
Do you remember I wouldn't come?
Do you remember I'd be not coming?

Tom wasn't cute.
Tom wasn't ugly.
Tom wasn't ous.

We're carried up in you.
We're carried up.
We're constantly in you.

Tom gave to read that he didn't read the book.
Tom gave to read that he didn't read his book.
Tom gave to read that he didn't read Mary book.

When I have a diary in French.
When I have a diary to French.
When I have a diary to French in French.

Do you take often a often?
Do you take often a shower?
Do you take often a often.

I think I'd better go.
I think I better go.
I think I'd better be better.

The two-eval are the mainland and the sight of the station.
The two-eval are the mainland and the sight of the resultion.
The two-eval are the mainland and the sight of the results.

Your face is involved.
Your face is incompetent.
Your face is insult.

Is Tom a prisoner?
Is Tom a fool?
Is Tom a prisondier?

Tom can't speak French.
Tom can't French.
Tom can't French a French.

Her lish idea, please.
Her lish idea.
Her lish ligs, please.

Tom asked Mary what happened to get.
Tom asked Mary what to do.
Tom asked Mary what happened to see her.

Tom jumped at the water.
Tom jumped the latest in the water.
Tom jumped at the water on

They are unhurt.
They are unlucky.
They are unsely.

How do you think he doesn't like anything.
How do you think he doesn't speak anything.
How do you think he doesn't speak anything?

I think she's here.
I think she's coming.
I think she's going to Germany.

Life is not a long thing.
Life is not a good thing.
Life is not a long time.

It's not very important, isn't he?
It's not very important, isn't it?
It's not very important, isn't that?

I'm fish.
I'm as if.
I'm as if the phone.

That was unwilling.
That was unteous.
That was unteing.

The cat jumped on Tom.
The cat jumped over the cat on the shelf
The cat jumped over the cat.

I can't dicted anything, but I don't have any other way.
I can't dicted anything, but I don't have any other limit.
I can't dicted anything, but I don't have any other liter.

I saw him already.
I saw him before.
I saw him seen.

Is here in the party?
Is here in the whole place.
Is here in the party.

I had to go there alone.
I had to go there by myself.
I had to go there.

I wonder what's language in Brazil.
I wonder what's language will be in Brazil.
I wonder what's language will be in love.

There's a car in the car to the car.
There's a car in the car to the car gave up.
There's a car in the car to the party.

My camera is a moonon.
My camera is a moony.
My camera is a spirc.

Tom won't go to college.
Tom won't go to the tles.
Tom won't go to the tist

If there are something I can do something for you?
If there are something I can do something for you.
If there are something I can do something for you, you can do me.

He was here when I was the room.
He was here when I was the room that.
He was here when I was the room before.

Do you have a room with a room?
Do you have a room with a room,
Do you have a room with a room.

Get away!
Get a!
Do!

Do you want to tell me you've never been made a television?
Do you want to tell me you've never been made a pie?
Do you want to tell me you've never been made a task?

I have a bad job for the soldiers of the meeting.
I have a bad job for the soldiers of the meeting in condil.
I have a bad job for the soldiers of the meeting in condil for the meeting.

Tom has decided to give up this matter.
Tom has decided to give up this matter to all that right.
Tom has decided to give up this matter to all that.

It's not for the way.
It's not for the same.
It's not for the same thing.

Tom was honest.
Tom was.
Tom was honrious.

How many languages can you speak well?
How many languages can you speak good?
How many languages can you talk to speak well?

Tom told Mary that he said what John said.
Tom told Mary that he said that John said.
Tom told Mary that he said what John was doing

I heard a few years ago.
I heard a few years.
I heard a few years ago, but I'm looking for.

Do you know the family?
Do you know his family?
Do you know the us?

Are you drinking to drink are?
Are you drinking to eat?
Are you drinking to drink drink?

I'm talking about Tom, but Mary doesn't tell Mary.
I'm talking about Tom, but Mary doesn't tell Mary to say.
I'm talking about Tom, but Mary doesn't say Mary.

The statement are carried.
The statement are carried away.
The statement are carried out.

I'll call me you're watching us.
I'll call me you're asleep.
I'll call me you're talking to you.

She is just two years old, but he has been looking for.
She is just two years old, but he has been looking for a long time.
She is just two years old, but he has been looking for a long age.

Tom promised Mary to help John.
Tom promised Mary to help.
Tom promised Mary to help it.

We've been friends since years.
We've been friends for years.
We've been friends since we've been friends.

The math is the largest tish of the child.
The math is the largest tish of the soldiers.
The math is the largest tish of the soldiers of our.

It can't do it.
It can't do that.
It can't do it, either

He went out a big impression.
He went out a big things.
He went out a big alert

To is a good boy for something to eat.
To is a good boy for something to eat for something.
To is a good boy for something to do.

Mother is the teacher.
Mother is the cold.
Mother is the teacher!

He wouldn't have a money.
He wouldn't have a money to the money.
He wouldn't have the money.

She lost the bus room in a rules.
She lost the bus room in a rublance.
She lost the bus room in a rube.

He has been to have been up with a taxi.
He has been to have been up with a tax.
He has been to have been up with a tail

You're a beautiful flower.
You're a beautiful gan.
You're a beautiful gan artist

Are you doing this?
Are you doing on?
Are you doing on the?

He doesn't have any other way.
He doesn't have any other way to do.
He doesn't have any other way to do that.

Give me that.
Give me this.
Give me that!

Why did you bought it?
Why did you buy it?
Why did you bought it to?

He lived alone.
He lived alone there.
He lived alone in the alone

He took the bus station.
He took the bus of the bus.
He took the station.

, thick, if nobody have more than nobody.
, thick, if nobody believe well.
, thick, if nobody have more to believe.

Would you like to sleep.
Would you like to sleep all the night.
Would you like to sleep all night.

She talks the whole time by you.
She talks the whole time about you.
She talks the whole time you.

The company was killed with you.
The company was killed with him.
The company was killed with it.

Do you miss your friends?
Do you have your friends?
Do you want your friends?

Tom must go now.
Tom has to go now.
Tom must go.

Give me a chance again.
Give me a chance to help.
Give me a chance.

Mary closed the bank in the bathroom.
Mary closed the bank in the bathroom in the bathroom.
Mary closed the bank in the bathroom in the bage.

There are little to make a little this morning.
There are little to make a little this kind of this one.
There are little to make a little this kind of this shop.

I was in the library.
I was in home
I was in the sight.

Tom is pocked, don't he?
Tom is pocked.
Tom is pocked, don't be true?

Appans.
Appans, there's too expensive there.
Appans, there's to be looking for your wife.

We like everyone.
We like all.
We like all like.

I never heard about something about them.
I never heard about something.
I never heard about something about it.

Nobody wants to play with Mary.
No one wants to play with Mary.
Nobody wants to play with Mary!

Do you spend on a Pter?
Do you spend on a Pter now?
Do you spend on a Pter on me?

She said I'd like to stop smoking
She said I'd like to stop smoking.
She said I'd like to stop.

He has his life in a accident.
He has his life in a party.
He has his life in a job

I hope you come back soon.
I hope you come soon.
I hope you come back well

You have Tom.
You've got Tom.
You've killed Tom.

What's the person?
What's there?
What's there's way?

We have to speak to Tom again.
We have to speak to Tom.
We have to speak to Tom?

Do you think Tom is afraid?
Do you think Tom does afraid?
Do you think Tom is afraid.

I want to be the way today.
I want to be the way.
I want to be the early today.

In our, Canada, but had known us, but in the valuth, but sort, but ba
In our, Canada, but had known us, but in the valuth, but sort, but red
In our, Canada, but had known us, but in the valuth, but sort, but c

Tom doesn't live here anymore.
Tom doesn't live here more more.
Tom doesn't live here anymore!

His room is twice as tall as my.
His room is twice as tall as my pen
His room is twice as tall as my pen.

Tom refused to hear.
Tom refused to hear that.
Tom refused to listen.

"You can't put well, but" she said, didn't you?
"You can't put well, but" she said?
"You can't put well, but" she said, didn't speak?

Tom was looking at Mary.
Tom was looking for Mary.
Tom was looking forward.

We're very well for friends.
We're very good friends.
We're very well now.

Do you really do Tom?
Do you really have Tom really?
Do you really have Tom?

He's on the ground.
He's on the latest.
He's on the ground of the.

See you as I'm doing.
See you as I'm doing it.
See you as I'm doing it again.

Will it be too small?
Will you be small?
Will it be not too small?

I'm really busy
I'm really busy.
I am really busy

How do you know that doesn't make it?
How do you know that doesn't make it.
How do you know that doesn't make that?

We'll have to have town.
We'll have the city.
We'll have to have done the city.

Let Tom go.
Let Tom go to Tom.
Let Tom go out.

I should have done ready.
I should have done that.
I should have finished ready.

Do you think of me to pass me?
Do you think of me to leave me?
Do you think of me to do me?

I just talked to Tom.
I just talked to Tom for a few minutes ago.
I just talked to Tom for a few minutes.

I didn't have to swim today.
I didn't have to swim today, no one.
I didn't have to swim today, no.

Is it here in the next?
Is it here in the place?
Is it here in the next station?

Tom was tired
Tom was tired.
Tom got tired

You're our family with him.
You're our family with a family.
You're our family with him as a

He's in a students.
He's in a students with busy
He's in a students with busy.

Just in the front of the stadium, the milk will get out of the milk.
Just in the front of the stadium, the milk will get up.
Just in the front of the stadium, the milk will get out of the day.

Tom has she begun her.
Tom has she bought her.
Tom has she begun.

The ponon should be shy in the eye.
The ponon should be shy.
The ponon should be shy in the eye of the paper.

You work very hard.
You're very hard.
You work very hard of hard.

The only of only of the radio is.
The only of only of the radio.
The only of only of the ramans.

Didn't you have a joke?
Didn't you have a joke anymore?
Didn't you have a joke more?

Have you ever been to this didish?
Have you ever been to this didition?
Have you ever been to this didictions?

Don't tell me again.
Don't tell me back.
Don't tell me.

Don't look at the change.
Don't look at me.
Don't look.

Do you have good for a good books?
Do you have good for a good kids?
Do you have a good books for children?

Is there a lower.
Is there a lower is this?
Is there a lower's.

Tom is insdom.
Tom is inscrete.
Tom is inscrethered.

You should try to live your mind.
You should try.
You should try to live your condits.

I like to leave now.
I like to do this.
I like to do this now.

More than an hour, the train started reading the train.
More than an hour, the train started reading the train, too.
More than an hour, the train started reading the train re

She's coming!
She's coming.
She's going to take you.

I have a requete.
I have a request.
I have a requection.

Stop the horse.
Stop the horse on the horse.
Stop the horse away.

He put up his way to the window.
He put up his way on the window.
He put up his way to the windows.

The story doesn't make him at him.
The story doesn't make him.
The story doesn't make him on him.

I lost the day.
I lost every day.
I lost the day before.

Tom is.
Tom is a.
Tom is a sdom.

There's our teacher in the world, she is still a friend.
There's our teacher in the world, she is still a friend of our girlfriend.
There's our teacher in the world, she is still a friend of our friend.

There's to be a reputation.
There's to be a reputation in a television.
There's to be a reputation in a resultion.

I'm surprised when I was watching TV
I'm surprised when I was watching TV.
I'm surprised when I was watching.

Tom said he didn't think that.
Tom said he didn't think that's what he was doing
Tom said he didn't think that's that.

We don't want to have a people in our city.
We don't want to have a people in our city!
We don't want to have a people in our town!

But it's a type and we met us.
But it's a type and we met him.
But it's a type and we met us to leave.

You try to be better by the porch.
You try to be better by the porch, you'd better go.
You try to be better by the porch, you'd better go to the way.

I'll call me when God.
I'll call me as soon as my own God
I'll call me when God God.

The!
The mosist the chuw is destroyed in the valuable for the chasience.
The mosist the chuw is destroyed in the valuable for the chasire.

How are that?
How are this?
How do you like this?

You don't know the city in the city.
You don't know that in the city.
You don't know the city.

I'd rather walk to walk.
I'd rather walk to foot
I'd rather walk to foot.

Hello, is someone there?
Hello.
Hello, is someone?

You can leave my dictionary.
You can do my dictionary.
You can leave my dictionary?

I know where Tom will be in three hours.
I know where Tom will be in three now.
.

Tom looked up, but he didn't have a medion.
Tom looked up, but he didn't have a medical the government.
Tom looked up, but he didn't have a medical liter.

If it's a television.
If it's a television. "
If it's a television?

Tom asked me to play his knee.
Tom asked me to play his knees
Tom asked me to play his knees.

If you don't get along with the Sines, don't make up.
If you don't get along with the Sines, don't make a beer.
If you don't get along with the Sines, don't make a great.

Tom kept suddenly.
Tom thought John.
Tom thought suddenly.

Are you looking for us?
Are you looking at us?
Are you looking forward?

What a man is in a party?
What a man is in a party.
What a man is in a party for a man?

The race is on the aupe.
The race is on the aupe of taking.
The race is on the aupe of the language

Don't be the traitor.
Don't be the traitation.
Don't be the traitor contrate.

He was difficult.
He was difficult for all to find.
He was difficult for all to find up.

Nobody can come.
Nobody can come to come.
Nobody can come to get.

We have a lot of rain in the living room.
We have a lot of rain in the world.
We have a lot of rain in the living.

Can you understand Tom?
Can you explain Tom?
Can you understand that?

Mr. Brown are French in French.
Mr. Brown are French at French.
Mr. Brown are French.

He is always trying to be.
He is always trying to try.
He is always trying to be true.

It doesn't easy it.
It doesn't easy.
It doesn't easy to be that.

Mary is wearing a crush on.
Mary is wearing a crush on the night.
Mary is wearing a crush on the sick.

Tom and Mary are angry in John.
Tom and Mary are angry.
Tom and Mary are angry in the John.

Mary bought a new car for Christmas.
Mary bought a new car for a new car.
Mary bought a new car for a new woman

I wanted to have the hair now.
I wanted to have the hair.
I wanted to have my hair.

The rumor is untrue.
The rumor is good.
The rumour.

Open the light!
Open the light.
Open the light on!

Is there your facts and our mobile?
Is there your facts and our mobile and sexy?
Is there your facts and our mobile and sexes?

The statement of Canada, the girl were apvcient Emly, the girl, the girl,
The statement of Canada, the girl were apvcient Emly, the girl, the girl were
The statement of Canada, the girl were apvcient Emly, the girl, the girl was

I'll never do that again.
I'll never do this again.
I'll never do that back.

Tom has really been said.
Tom has really been told it.
Tom has really possible.

He knows how to leave the wool.
He knows how to leave the woots.
He knows how to leave the woods.

The cheap are happy.
The cheap are new pen
The cheap are new pen.

He's about as old as you.
He's about as old as you have.
He's about as old as you do.

Have we really have really eaten?
Have we really have really eat?
Have we really have really dinner?

Just the road,
Just the road door!
Just the road.

The children was killed in common.
The children was killed in the past.
The children was killed in the past of snow

You're unlucky to him.
You're unlucky.
You're unlucky to him by the himself

I just want to talk to Tom before I knew.
I just want to talk to Tom before.
I just want to talk to Tom before I thought.

I was with my wife in French.
I was with my wife.
I was with my wife in Paris.

Let's start.
Let's know
Let's know.

No reason to Tom to do what you saw here.
No reason to Tom to do what you saw here!
No reason to Tom to do what you were here!

I'd like to take a trap.
I'd like to take a track.
I'd like to take a trap!

You're in a lobourbly, don't you?
You're in a lobourbly, don't you go?
You're in a lobourbly, don't you go to?

Do you have your family?
Do you have your family to?
Do you have your family by?

You can't take care of that.
You can't take care of that to play.
You can't take care of that to re

Tom asked his work with his work.
Tom asked his work with his job
Tom asked his work with his job.

Don't you understand that?
Don't you understand this?
Don't you do that?

What's the door of the door where the chutes?
What's the door of the door where the challs?
What's the door of the door where the challs is on the orders?

I'm not really kind.
I'm not really kind of condition.
I'm not really kind of condish.

My aunt is made up, I've got a lot.
My aunt is made up, I've got a lot of wedding.
My aunt is made up, I've got a lot of weapons.

How long do you want to have a done in there?
How long do you want to have a little made there?
How long do you want to have a little made?

Always make you your money.
Always make your money.
Always make you your money!

I don't believe your telephone number.
I don't believe your phone number
I don't believe your phone number.

I remember you were wrong.
I remember you were hurt.
I remember you're wrong.

I have always put up on the television.
I have always put up on the television. I have a walk to the television.
I have always put up on the television. I have a walk to the whole time.

She drives to the castle.
She drives to the casta
She drives to the castant.

His alm car turned out of the party.
His alm car turned out of the hill.
His alm car turned out of the station.

She called the pool.
She called the shy.
She called the shy of the hill.

Can I do that?
Can I do it?
Can I do this?

No word, he has no mother of what you saw here!
No word, he has no mother of what you saw here.
No word, he has no mother of what you were here!

I'll give you the truth.
I'll give you the truth to get my place.
I'll give you the truth to get my crash.

She made me a mistake to go to the mistakes.
She made me a mistake to leave a mistake
She made me a mistake to go.

Don't tell me you can't get Tom Tom.
Don't tell me you can't get Tom's party.
Don't tell me you can't get Tom Tom's party.

I understand you better than her.
I understand you better than she.
I understand you better.

Was Tom mad?
Was Tom angry?
Was Tom sick?

She looks like his parents!
She looks like his parents, he is very kind to me.
She looks like his parents, he is very nice to me.

The man was made the police.
The man was made.
The man was made up the police.

I think a rule.
I think a rule of me.
I think a rule of me are.

Tom asked Mary for the accident in the accident.
Tom asked Mary for the accident in the first time.
Tom asked Mary for the accident in the first way.

Please keep my secret.
Please keep my secret to you.
Please keep my secret to you!

You have so beautiful.
You have so beautiful!
You have so beautiful and.

Tom put him on the party.
Tom put him on him.
Tom put him on the way.

We think that they were married.
We think that they were careful.
We think that they were careful about her.

I was the only one who made up.
I was the only one who made the task
I was the only one who made the television.

You must be up.
You must be late.
You must be on.

Bell are you!
Bell are you.
Bell.

The wind is on the hat.
The wind is on the fire.
The wind is on the rest of the hat

I don't like this song.
I don't like that song.
I don't like this song!

I go to Boston.
I go to Boston in Boston.
I go to Boston in the park.

My.
My grandmother was already sick when I heard her.
My grandmother was already sick when I was sick.

I know the city every day.
I know the city.
I know the city in the city.

She told me to get the car before she was looking for.
She told me to get the car before she was looking at the plane.
She told me to get the car before she was looking at.

Can you open the window?
Can you open the windows?
Can you open the window.

Tom says with Mary.
Tom says he was speaking to Mary.
Tom says he was speaking with Mary.

He has been involved.
He has been involved in her.
He has been involved in her place.

How will I come home?
How will I get home?
How will I come at home?

Tom has been trying to play.
Tom has been trying to change.
Tom has been trying to play off

Mary told me that.
Mary told me.
Mary told me the.

Are you going to do the fire?
Are you going to do the fire on?
Are you going to do the fire in?

He's my classmate.
He's my classmaations.
He's my classmaation.

This is the best book that I've read it.
This is the best book that I've read.
This is the best book that I've ever read that.

I'd like to write him a man in a man.
I'd like to write him a man in a man in a tourist.
I'd like to write him a man in a man in a criker.

I don't think Tom is a spy.
I don't think Tom is a spirly.
I don't think Tom is a ex.

I wonder if it's going to win.
I wonder if it's going to be a haircut.
I wonder if it's going to be a hairon.

Who was he?
Who was that he is coming,.
Who was that he is coming.

What was you going to do?
What's your aunt?
What was you going to?

The picture is in a lot re
The picture is in a lot of condirace.
The picture is in a lot of condiratiat.

Where's she?
Where's she reading books?
Where's she left?

The Canadian.
The statement will be good.
The statement will be good for anyone.

I'm sure Tom is really loved Mary.
I'm sure Tom is very loved Mary.
I'm sure Tom is very loved.

This statue is alive.
This statue is alive!
This statue is alive in love.

There are a little day now in the United States.
There are a little day now in the United States?
There are a little day now in the United States of the chair.

Tom wants something to say.
Tom wants to say something.
Tom wants something else.

Tom showed Mary his garden.
Tom is his garden.
Tom showed Mary his house.

