We've already met us.
We already met us.
We've met us.

All of my daughter is important.
All of my daughter is important of my daughter.
All of my daughter is the daughter.

If you go to go, I go to college.
If you go to go, I go to college, too.
If you go to go, I go.

Tom must be able to see Mary.
Tom must be able to help Mary.
Tom has to get up with Mary.

Tom did as if he didn't speak me.
Tom did as if he didn't make me.
Tom did as if he didn't answer me.

Tom read what he would like to pay for the money.
Tom read what he'd have enough money to pay.
Tom read what he would like to pay after the money.

Where did you get this?
Where did you be in this way?
Where did you be in this box?

No.
Don't everybody have to have a tax, but all the composers, but in the world.
Don't everybody have to have a tax, but all the composers, but in the world, but the me

We don't know it?
We don't do it?
We don't know that?

You're not too worried.
You're not too worried about you.
You're not too worried about a lot.

Sami has made your help.
Sami has reyte.
Sami has made your idea.

I'm English.
I'm speak English.
I am English.

Ask her.
Ask her homework.
Ask her homework!

Tom came as the man who found to the man.
Tom came as the man who was on the man
Tom came as the man who found to the test.

I like milk and bread.
I like milk and see
I like a bread and bread.

I have to speak to him alone.
I have to speak with him alone.
I have to talk to him alone.

Tom broke the window.
Tom broke the window on the window.
Tom broke the window open

Mary has been carried away.
Mary has been carried out.
Mary has been carried up.

If I were you, I would do that.
If I were you, I'd do that.
If I were you, I would do that so not.

Take a television.
Take a tles.
Take a little redder.

That's his first day.
That's his first experience.
That's his first one.

We had lunch in the meeting room.
We had lunch in the party room.
We were in the meeting room.

She has no sense to me.
She doesn't have a word to me.
She doesn't have any whole plan to me.

Bob helped me.
Bob made me.
Bob gave me.

Tom saw the window on the window.
Tom saw the window open.
Tom saw the window away.

I want you to do Tom.
I want you to answer Tom.
I want you to do Tom for Tom.

The Sam is the most odd.
The Sam is the most beautiful thing.
The Sam is the most odd thing.

We're watching the hands.
We're drawing the hands.
We're having the hands.

He knows how he is his shirt.
He knows how he is his name.
He knows how he fell his shirt

My watch is very often.
My watch is very exactly.
My watch is very hot.

It's only a dream.
It's just a dream.
It is just a dream.

If he doesn't see so much as much as he'd be.
If he doesn't see so much as much as he'd be a good time.
If he doesn't see so much as much as he'd be late.

He found the truth.
He found the truth for the truth.
They found the truth.

Tom asked too many questions.
Tom asked for a lot of questions.
Tom asked for many questions.

Do you want me to go?
Do you want me to go to?
Do you want me to go to do?

Tom said he didn't have to go home.
Tom said he didn't have much time.
Tom said he didn't have a lot to go home

I've been waiting for my coffee.
I've been waiting for my coffee on the test.
I've been waiting for my coffee on the coffee.

I believe you.
I believe you that.
I believe you think.

The bed is carried away on the bed.
The bed is carried to the bed.
The bed is carried away.

Can Tom swim well?
Can Tom swim good?
Can Tom swim for well?

It was only a television.
It was only a tent.
It was only a televices

Tom looked with Mary.
Tom fell with Mary.
Tom ate with Mary.

We have respect.
We have respect for anyone.
We have respect for it.

Mary has no didn to the them.
Mary has no one who they were on.
Mary has no didn to the pool.

She has the mazing.
She has the mazing-mail.
She has the mazing-sexy.

This country is the country of family.
This country is the next family.
This country is the country of us.

Tom looked up by the time.
Tom looked up by the time for sleep
Tom looked up by the time for sleep.

I understand with you well.
I understand with her.
I understand with you.

They talk about her problems.
You talk about her problems.
They talk about her the problems.

I hope you're lying.
I hope you learn to each other.
I hope you learn to it.

In this kind of the hill.
In this kind of the dark.
In this kind of the hill to him.

He looks like your brother.
He looks like your brother is.
He looks like your brother,

Everyone has been trying to talk to her feelings about her feelings.
Everyone has been trying to talk to her feelings about their feelings.
Everyone has been trying to talk to her feelings of her feelings.

Keep an eye on my.
Keep an eye on my ex.
Keep an eye on my thert.

A create has been carried to live to the meeting.
A create has been carried to the meeting.
A create has been carried to live to the world.

He fell asleep and eggs.
He fell and eggs.
He fell asleep and Alice.

Our mom is gone.
Our mom is there by two years ago.
Our mom is there by two years old.

We have no idea without so far, and I can't come.
We have no idea without so far, and I can't get it.
We have no idea without so far, and I can't get there.

Tom is from here.
Tom is here from here.
Tom is about here.

Tom was indesperate.
Tom was indesire.
Tom was indesick.

Please keep a language for a language.
Please keep a language for a language of valert
Please keep a language for a language of valert.

Do you have a good friend of a good friend?
Do you have a good friend of good friend?
Do you have a good friend.

Leave me help you.
Leave me help me.
Leave me help you!

We have a found.
We have one.
We've found a found.

It would better be better if you had nothing to be here.
It would better be better if you had nothing to do.
It would better be better if you had nothing.

Did you enjoy Tom up?
Did you enjoy Tom?
Did you change Tom up?

Why don't you like Tom?
Why don't you do Tom?
Why don't you listen to Tom?

It's dangerous.
It's dangerous of here.
It's dangerous for dangerous.

She left the cat on the cat.
She left the cat by the cat.
She left the cat out of the cat.

Tom is very rich, isn't he?
Tom is very rich, aren't Tom?
Tom is very rich, isn't it?

The fact is that it would be a word, you didn't want to be able to say.
The fact is that it would be a word, you didn't want to be able to say well.
The fact is that it would be a word, you didn't want to be able to say, you didn't want to

Mary didn't hates Tom.
Mary didn't hae Tom to do.
Mary didn't hae Tom.

I hear you with your nice.
I hear you with her.
I hear you with the same.

Re
Look at the exam.
Look at the beginning.

Did you see the accident?
Did you see the last accident?
Have you seen the accident?

The island of her help is the best person.
The island of her help is important for the fire.
The island of her help is important for the rest

I'll wait here until she back.
I'll wait here until she get back.
I'll wait here until she's coming.

Mary said that she was unved.
Mary said that she was unlucky.
Mary said that she was unconscious.

We're see today.
We're see tonight.
We're going to tonight.

I'll give you this.
I'll give you this give.
I'll give you this to you.

It's a big hospital.
It's a big family.
It's a great hospital.

I thought he would my brother.
I thought he were my brother.
I thought he would my brother my brother

She's the same.
She's the poor.
She's the test.

You're shoes shoes.
You're shoes.
You're shoes right.

Everything was only a joke.
Everything was just a joke.
Everything was only a joke!

She looks about an actress.
She looks about a pshy.
She looks about a pshy on a television.

I still still have your key.
I still still have your keys.
I still still do your key.

I wish she stopped talking.
I wish she stopped talking about
I wish she stopped talking about.

Mary told Tom that she thought John was to talk to.
Mary told Tom that she thought John was to talk.
Mary told Tom that she thought John was to talk to me.

Tom is new ancious.
Tom is new anrious.
Tom is new rious.

Are you here now?
Are you here?
Are you here for?

How do you know!
How do you have!
How beautiful you are!

Please leave my mind, please.
Please leave my mind, please!
Please leave my name and then

Is the television?
Is the twin?
Is the television.

She has a boy.
She has been hair.
She has the boy.

Mary is not going to be sick.
Mary is not going to be ill.
Mary is not going to be sick. You only don't ill so.

It was so hot that I'd like to see him.
It was so hot that I'd like to be so tired.
It was so hot that I'd like to be so beautiful.

Do you know who he was?
Do you know who was he?
Do you know who he had?

A I can't wait.
A I can't wait for me.
A I can't wait for you.

That's a secret.
That's just a secret.
That's good.

I've seen a movie at the floor.
I've seen a movie at the Cooth.
I've seen a movie at the Coobo.

Why do Tom have to go?
Why does Tom have to go?
Why do Tom have to leave?

Tom told me that he was hungry.
Tom told me that he's hungry.
Tom told me that he is hungry

Both girl wants to go to college.
Both girl wants to go.
Both girl want to go to college.

We tried to do you see.
We tried to do you all.
We're looking for you to see.

It's Tom's house.
It's Tom's condict.
It's Tom's condil.

Tom has lost the beirt his father.
Tom has lost the bet his father.
Tom has lost the beirt to his father.

If you have your books in school.
If you have your books in the school.
If you have your books in the school in the school.

This is a bad mood of thing.
This is a bad thing.
This is a bad mood of cold.

Don't tell me that she didn't like each other.
Don't tell me that she didn't like Alice.
Don't tell me that she doesn't like each other.

I'm not good at all.
I'm not good.
I'm not good at now.

Tom seems to be unwilling.
Tom seems to be unsure.
Tom seems to be unwilling to be mad.

I made the best time to Japan.
I made the best of her time in Japan.
I made the best of her time.

Let's start.
Let's meet to each other.
Let.

Tom ate anything without a shirt.
Tom ate anything without a friend.
Tom ate around without 2: 30.

I can't find my watch my watch.
I can't find my watch my o
I can't find my watch my o.

I can't help you.
I cannot help you.
I can't help you to help.

You're angry!
You're happy!
You're sorry!

Tom has a mistake.
Tom has a mistakes.
Tom has some mistakes.

I've been sick in the television.
I've been sick in the television of the station.
I've been sick in the television of the beg.

Tom and Mary told John that they thought Alice was asleep.
Tom and Mary told John that they thought Alice was wanted.
Tom and Mary told John that they thought Alice was a goal.

You're everything to the world in the world.
You're everything to the world.
You're everything, what me in the world.

She fell asleep in the grass.
She fell asleep on the grass.
She fell asleep.

Ed is afraid of friends.
Ed is afraid.
Ed is afraid of doing that.

He took a haircut on the insult.
He took a haircut on the television.
He took a haircut on the party.

It's only a little books.
It's only a little bit of life.
It's only little wants to be left.

This bug is very beautiful.
This bug is very beautiful!
This bug married very beautiful.

We're the only one who has been exposed to say that they can't make a tax.
We're the only one who has been exposed to say that they can't make a tax, the medium
We're the only one who has been exposed to say that they can't make a tax, the capital

Is it something stupid?
Is it something important?
Is it something?

He's very funny.
He's very polite.
He's very tall.

Tom is incompetent.
Tom is on condemned.
Tom is incompetent to death.

Tom and Mary told John that they didn't think Alice was.
Tom and Mary told John that they didn't think Alice was!
Tom and Mary told John that they didn't like Alice.

Tom was the whole day.
Tom was the all day.
Tom was the whole day before.

All of our clothes are we.
All of our clothes are we left.
All of our clothes are we now.

Keep your friend for your girlfriend.
Keep your friend for your friend.
Keep your girlfriend for your girlfriend.

This is the same thing that we can't do anything.
This is the same thing that we can't do the ice.
This is the same thing that we can't do the ice-mail.

Do I want to be able to work when he's alone?
Do I want to be able to work when he's old?
Do I want to be able to work when he's going to work?

Are you well for her?
Are you well for a good piano?
Are you good piano?

The rule asked to be an astronaut cel to the weather.
The rule asked to be an astronaut cel to the light on.
The rule asked to be an astronaut cel to the flight on.

Now it's good.
Now it's good for it.
Now well.

"Tom can!"
"Tom can.
"Tom can."

How do you want to have your hair?
How do you want to have your pop?
How do you want to have your liter?

Maybe Tom must help Mary.
Maybe Tom has to help Mary.
Maybe Tom must help Tom

As a are the one of the station.
As a are the one of the one.
As a are one of the are.

Tom was moved by Mary.
Tom was involved by Mary.
Tom was involved by Mary's birthday.

That's just going to be the television.
That's just going to be the tent.
That's just going to be the tles.

What if it would be a girl in the world?
What if it would be a girl in the world in the light?
What if it would be a girl in the light of the world?

You should be teacher.
You should get a teacher.
You should go.

Well. We'll be good for five.
Well. We'll be good at five.
Well. We'll be well for five.

Tom has a casasy.
Tom has a create.
Tom has a casathly.

If the life you contate you to me.
If the life you concentrate you to me.
If the life you concentrate you to me, please.

I have a secret to do that.
I have a secret to do that long.
I have a secret to do that a long.

In the long room and light needs water and light.
In the long room needs to water and light.
In the long room and light needs water.

You're in the past.
You're in the past!
You're living in the past.

The balert are very polite.
The balert are very polite!
The balert are very cyctions.

The computer was on about me.
The computer was on about talk.
The computer was on about myself.

Tom is out with me.
Tom is out of me.
Tom is out of mine.

She has a room and he has involved.
She has a room and he has stay
She has a room and he has indoors.

I have been carding my umbrella to see it.
I have been carding my umbrella to the station.
I have been carding my umbrella to get it for my umbrella.

You're important.
You're not important.
You're overweight

My dog is old.
My dog is taking the grass
My dog is taking the grass.

Tom asked Mary for her.
Tom asked Mary for her success.
Tom asked Mary her success.

When will you visit me again?
When will you see me again?
When will you visit me back to me?

Tom has a shape.
Tom has a bad of what.
Tom has a marking.

There are Japanese in Japan in Japan.
There are Japanese in Japan.
There are Japanese in Japan of Japan.

How many people are in a car?
How many people are in a cyte?
How many people are in your car?

Did you get my best?
Did you get my umbrella?
Did you get my bag?

Mary looks really pretty.
Mary looks really pretty from today.
Mary looks really pretty to her.

Tom didn't go to college.
Tom didn't talk.
Tom didn't understand anything.

Tom came the trees back.
Tom came the trees.
Tom came the bing back.

You must be not a man to see the movie.
You must be not a man to see the movie of the money.
You must be not a man to see the movie to the movie.

I'm too tired to go to college.
I'm too tors.
I'm too tired to go to the meeting.

He didn't have long more for them.
He didn't have long more than the long.
He didn't have long more.

What did Tom and Mary only only do that?
What did Tom and Mary only only wears?
What did Tom and Mary only do that?

Everything you have to do out of the station.
Everything you have to do out of the bet.
Everything you have to do is the same thing.

I'm so nice!
I'm so exciting!
I'm so exceping so!

Tom wants to see that's again.
Tom wants to see that again.
Tom wants to see that.

The?
The teacher used to call Tom and he had a new job and he saw a new job
The teacher used to call Tom and he had a new job.

Tom's health is hard.
Tom's health is hard to say.
Tom's health is hard to hear.

Tom asked me to ask you something.
Tom asked me to ask you something to ask.
Tom asked me to ask you some something.

Red alert has been carried away.
Red alert has made me.
Red alert has been made me.

With the palace of the eye is not a medal of the time.
With the palace of the eye is not a medal of the soldiers.
With the palace of the eye is not a medal of the soldiers, if you've been looking

Tom has been carried today.
Tom has been carried today morning.
Tom has been carried today early morning.

The landbol deals of Mow is the same house.
The landbol deals of Mow is the same country.
The landbol deals of Mow is the same.

Do you keep a haircut?
Do you keep a hairt?
Do you keep a hairp?

The shower is too nice, but you can't do it.
The shower is too nice, but you can't do anything.
The shower is too nice, but you can't do it by.

What house did you use?
What house did you go to?
What house did you go to the house?

Do you like me?
Do you like me to help me?
Do you like me to do me?

I don't speak Japanese.
I'm not Japanese.
I don't speak a Japanese.

I saw him with a girl.
I saw him with a other woman
I saw him with a other woman.

The toe is last year.
The toe is 13 minutes.
The toe is 13 3.

There's no money in this room.
There's no money in this meeting.
There's no money in this accident.

Is it hard to learn French?
Is it heavy to learn French?
Is it hard to study French?

Tell me how you were.
Tell me how you were name
Tell me how you were name.

No.
Don't call me so much.
Don't call me so much as!

He doesn't drink beer.
He doesn't drink beer of the work.
He doesn't drink beer of the hog

Where were you going to do?
Where were you going to do to an hour?
Where were you going to do to another hour?

Come and help me!
Come and help me.
Come and gave me!

Tom lives in a supermarket.
Tom lives in a decent house.
Tom lives in a decent house for a week.

Tom spent his umbrella from his place.
Tom spent his umbrella to his place.
Tom spent his umbrella from his seat.

The temperature is a real job.
The temperature is a shinal work.
The temperature is a shinel.

A good one is one of a source of the bread, and the child are always.
A good one is one of a source of the bread, and the child is always.
A good one is one of a source of the bread, and the child are always a little.

Can I keep your hand?
Can I stop your hand?
May I keep your hand?

Tom is going to be nice to be found someone.
Tom is going to be nice to be found that.
Tom is going to be nice to be found.

A lot of people came to ask for an explanation.
A lot of people came to ask for an actress.
A lot of people came to ask for an exert.

I'm a key.
I'm a place.
I'm an othd.

The patient is not a great thing.
The patient is not a great.
The patient is not a great person.

You remember him again?
You were still in him?
You remember him there?

What kind of thing you do anything for you?
What kind of thing you do a joke?
What kind of thing you do anything for me?

Tom is going to Christmas up.
Tom is going to Christmas around.
Tom is going to everybody to Christmas.

I want to Japan up.
I want to Japan after Japan.
I want to Japan to Japan

The boy who is my younger brother.
The boy who's the guitar is my brother.
The boy who's the guitar is my little brother.

It's important for you to learn a foreign language.
It's important for you to learn a language.
It's important for you to learn a wish language.

Tom knew what to do.
Tom knew what to do that.
Tom knew what Tom was doing.

She's not true.
She's not able.
She's not ugly.

He had together as the day before him in the park.
He had together as the day before him in the pocket.
He had together as the day before him in the poet.

Brules is good.
Brules is good for well.
Brules is very well.

This is one of the world today.
This is one of the world today. It's not the same.
This is one of the world today. It's not the same thing.

I'll go to college if I am ready for work.
I'll go to college if I am ready.
I'll go to college if I am ready to do that work.

Tom isn't all yet.
Tom isn't at all.
Tom isn't at all, don't.

I think we can help.
I think we can help each other.
I think we can help him.

Everyone likes him.
Everyone has to like him.
Everyone has him.

Tom and Mary told John that they didn't think Alice was jealous.
Tom and Mary told John that they didn't think Alice was.
Tom and Mary told John that they didn't like Alice.

Tom drives a chance.
Tom likes a little car.
Tom drives a map.

That made me.
That's the one.
That made me made me.

Give Tom how to do that?
Give Tom how to do it?
Give Tom how to do this?

The squirrel is full.
The squirrel is full of great.
The squirrel is full of crush.

Are there any time to make a language in your language?
Are there any time to make your language?
Are there any time to get your language?

Her bers are nothing to have anything.
Her bers are nothing to do anything.
Her bers are make sure nothing.

Tom has no choice.
Tom has no idea
Tom has no idea.

Tom doesn't care about Mary.
Tom doesn't seem to be Mary for Mary.
Tom doesn't seem to be Mary to Mary.

He won't get the exam.
He won't get the examination.
He won't pass the exam.

I don't want my parents.
I don't want my parents to disappoint.
I don't want my parents!

You're a lier.
You're a liar.
You're a lish lier.

Mr. Brown, mosquitoes, in one year.
Mr. Brown, mosquitoes, in one year, a lot of valuce and a lot of condi
Mr. Brown, mosquitoes, in one year, a lot of valuce and a lot of marri

Can you tell me where I'm doing this?
Can you tell me where I'm doing this for this?
Can you tell me where I'm doing this for me?

Did you get him?
Have you lost him?
Did you enjoy him?

They called his dog.
They carried his dog.
They called his dog on.

What a beautiful man!
What a beautiful man.
What a man!

.
Man, the sentence has made up.
Man, the sentence has made up for the best.

I'm not a chance.
I'm not a shape.
I'm not a share.

It wants no one about that.
It wants no one.
It wants no one about it.

When do you come back?
When do you get back?
When do you go back?

My sister is playing with the test.
My sister is on the test.
My sister is playing on the test.

Mosquitoes of the Betens of the Betens.
Mosquitoes of the Betens of the Betens of the stadium.
Mosquitoes of the Betens of the Betens of the stage.

Why are the people to wait?
Why are the people like to feel people?
Why are the people like to go?

I'll see it to me.
I'll see it.
I'll see you.

He has no right to do that.
He has no right to do this.
He has no right to do it.

Tom didn't eat something.
Tom didn't eat anything in something.
Tom didn't help something.

If you always know if you want me to be done in the way.
If you always know if you want me to do that.
If you always know if you want me to be in the way.

Mary told Tom.
Mary told Tom that she thought John was to hear.
Mary told Tom that she thought John was imable to hear

Do you remember I wouldn't come?
Do you remember I'd not come?
Do you remember I'd be not coming?

Tom wasn't ugly.
Tom wasn't cute.
Tom wasn't ous.

We're drawing in you.
We're carried up in you.
We're carried at you.

Tom gave to read that he didn't read the book.
Tom gave to read that he didn't read his book.
Tom gave to read that he didn't read Mary book.

When I have a diary in French.
When I have a diary to French.
When I had a diary in French.

Do you take often a often?
Do you take often a shower?
Do you take often a car?

I think I'd better go.
I think I better go.
I think I'd better be better.

The two-eval are the medium of weapons in the world and Sarth is incompet
The two-eval are the medium of weapons in the world and Sarth is independent by
The two-eval are the medium of weapons in the world and Sarth is independent.

Your speech are involved.
Your speech are incompetent.
Your speech are insult.

Is Tom a prisoner?
Is Tom a fool?
Is Tom a tent?

Tom can't speak French.
Tom can't French.
Tom can't French a French.

Her lish idea, please.
Her lish idea.
Her lish ligs, please.

Tom asked Mary what to do.
Tom asked Mary what happened to get.
Tom asked Mary what happened to see her.

Tom jumped at the water.
Tom jumped on the water.
Tom put on the water.

They are unhurt.
They are unlucky.
They are uncommon.

How do you think he doesn't like anything.
How do you think he doesn't speak anything.
How do you think he doesn't speak French.

I think she's here.
I think she's coming.
I think she's going to Germany.

Life is not a long thing.
Life is not a good thing.
Life is not a long time.

It's not very important, isn't he?
It's not very important, isn't it?
It's not very important, isn't that?

I'm fish.
I'm French.
I'm as if.

That was unwilling.
That was unteous.
That was unteing.

The cat jumped on Tom.
The cat jumped over the cat on the shelf
The cat jumped over the cat on the shelf.

I can't stand joking.
I can't stand joking as a little uncer.
I can't stand joking as a, but I don't think.

I saw him already.
I saw him before.
I saw him seen.

Is here in the party?
Is here in the whole place.
Is here in the party.

I had to go there alone.
I had to go there by myself.
I had to go there by alone.

I wonder what's language in Brazil.
I wonder what's language will be in Brazil.
I wonder what's language will be free.

There's a car in the car to the car.
There's a car in the car to a party.
There's a car in the car to the car gave up.

My camera is a moonon.
My camera is a spirc.
My camera is a spirly.

Tom won't go to college.
Tom won't go to the race.
Tom won't go to college in.

If there are something I can do something for you?
If there are something I can do something for you.
If there are something I can do something for you to do with me.

He was here when I was the room.
He was here when I was the room that.
He was here when I knew the room.

Do you have a room with a room?
Do you have a room with a room,
Do you have a room with a room.

Get away!
Get a!
Do!

Do you want to tell me you've never been made a television?
Do you want to tell me you've never been made a task?
Do you want to tell me you've never been made a pie?

I have a bad job for the soldiers.
I have a bad job for the soldiers of the meeting.
I have a bad job for the soldiers of the meeting in condil.

Tom has decided to give up this right now.
Tom has decided to give up this matter.
Tom has decided to give up this matter in this matter.

It's not for the way.
It's not true.
It's not for all.

Tom was honest.
Tom was honrious.
Tom was honri.

How many languages can you speak well?
How many languages are you well to speak well?
How many languages can you speak good?

Tom told Mary that he said what John said.
Tom told Mary that he said that John said.
Tom told Mary that he said what John was doing

I heard a few years ago.
I heard a few years.
I heard a few years ago, but I'm looking for.

Do you know the family?
Do you know his family?
Do you know your family?

Are you drinking to work?
Are you drinking to eat?
Are you drinking to drink drink?

I'm talking about Tom, but Mary doesn't tell Mary.
I'm talking about Tom, didn't tell Mary.
I'm talking about Tom, but Mary doesn't tell Mary to say.

The statement are carried.
The statement are carried away.
The statement are carried out.

I'll call me you're watching us.
I'll call me you're asleep.
I'll call me you're talking to you.

She is just two years old, but he has been looking for.
She is just two years old, but he has been looking for a long time.
She is just two years old, but he has been looking for a long age.

Tom promised Mary promised John to help
Tom promised Mary to help.
Tom promised Mary to help John.

We've been friends since years.
We've been friends for years.
We've been friends since we've been friends.

The math is the largest eye of the solar system.
The math is the largest eye of the soldiers.
The math is the largest eye of the soldiers of our health.

It can't do it.
It can't do that.
It can't do it, either

He went out a big things.
He went out a big impression.
He went out a big thing.

To is a good boy for something to eat.
To is a good boy for something to eat for something.
To is a good boy for something to do.

Mother is the teacher.
Mother is the cold.
Mother is the teacher!

He wouldn't have a money.
He wouldn't have the money.
He wouldn't have a money on the money.

She lost the bus room in the bathroom.
She lost the bus room in the bathor.
She lost the bus room in a bad room.

He has been to have been up with anyone.
He has been to have been up with thirty years.
He has been to have been up with thirty.

You're a beautiful flower.
You're a beautiful person.
You're a beautiful officer.

Are you doing this?
Are you doing on?
Are you talking?

He doesn't have any other way.
He doesn't have any other ope.
He doesn't have any other way to do.

Give me that.
Give me this.
Give me that!

Why did you bought it?
Why are you bought it?
Why did you buy it?

He lived alone.
He lived alone there.
He fell alone.

He took out of the bus.
He took out of the station.
He took up by bus.

, thick, if nobody have more than nobody.
, thick, if no one would believe well.
, thick, if nobody have more to believe.

Would you like to sleep.
Would you like to sleep all night.
Would you like to sleep the whole weekend.

She talks the whole time by you.
She talks the whole time about you.
She talks the whole time to you.

The company was killed with you.
The company was killed with him.
The company was brought up with him.

Do you miss your friends?
Do you have your friends?
Do you want your friends?

Tom must go now.
Tom has to go now.
Tom must go.

Give me a chance again.
Give me a chance to help.
Give me a chance.

Mary closed the bank in a room.
Mary closed the bank in the bathroom.
Mary closed the bank in the bage.

There are little to make a little this morning.
There are little to make a little this kind of this shop.
There are little to make a little this kind of this one.

I was in the library.
I was in the eye.
I was in home

Tom is pocked, don't he?
Tom is pocked, isn't he?
Tom is pot.

Appans, there's too expensive there.
Appans, there's to be looking for your wife.
Appans, there's too expensive in your woman.

We like everyone.
We like all.
We love all.

I never heard about something about them.
I never heard about something.
I never heard about something to them.

Nobody wants to play with Mary.
No one wants to play with Mary.
Nobody wants to play with Mary!

Do you spend on me a sweater?
Do you spend on a sweater?
Do you spend on me a Pter?

She said I'd like to stop smoking
She said I'd like to stop smoking.
She said I'd like to stop.

He lost his life in a accident.
He lost his life in a party.
He has his life in a accident.

I hope you come back soon.
I hope you get back soon.
I hope you come soon.

You have Tom.
You've got Tom.
You've killed Tom.

What's the person?
What's there?
What's there's way?

We have to speak to Tom again.
We have to speak again with Tom.
We have to speak to Tom.

Do you think Tom is afraid?
Do you think Tom does afraid?
Do you think Tom has afraid?

I want to be here today.
I want to be the early today.
I want to be the way today.

In our, Canada, but had known joking, but in love with him.
In our, Canada, but had known joking, but in love with us.
In our, Canada, but had known joking, but in love with him, but red it baked.

Tom doesn't live here anymore.
Tom isn't here anymore.
Tom didn't live here anymore.

His room is twice as tall as my.
His room is twice as tall as my pen
His room is twice as tall as my pen.

Tom refused to hear.
Tom refused to hear that.
Tom refused to listen.

"You can't put well, don't speak her?
"You can't put well, don't tell her?
"You can't put well, don't speak well?

Tom was looking at Mary.
Tom was looking for Mary.
Tom was looking forward.

We're very good friends.
We're very well for friends.
We're very well now.

Do you really do Tom?
Do you really have Tom really?
Do you really have Tom?

He's joking.
He's on the ground.
He's on the latest.

See you as I get it.
See you as I'm doing.
See you as I am doing it.

Will it be too small?
Will you be small?
Will it be not too small?

I'm really busy
I'm really busy.
I am really busy

How do you want to know that don't get it?
How do you want to know that don't return
How do you want to know that don't eat.

We'll have the city.
We'll have to have town.
We'll have to have done the city.

Let Tom go.
Let Tom go to Tom.
Leave Tom from Tom.

I should have done ready.
I should have finished ready.
I should have done that.

Do you think of it to me?
Do you think of me to pass me?
Do you think of me to leave me?

I just talked to Tom.
I just talked to Tom for a few minutes ago.
I just talked to Tom for a few minutes.

I didn't have to swim today.
I didn't buy me to swim today.
I didn't have to swim today, no one.

Is it here in the place?
Is it here in the next?
Is it here in the here?

Tom was tired
Tom was tired.
Tom got tired

You're our family with him.
You're our family with a family.
You're our family with her.

He's in a students.
He is busy at a students.
He is busy at a bench.

Just in the front of the stadium, the milk will get out of the milk.
Just in the front of the stadium, the milk will get up.
Just in the front of the stadium, the milk will get out of the day.

Tom has she begun her.
Tom took her face.
Tom has she bought her.

They'll take care of the shelf.
They'll take care of the dark.
They'll take care of the shelf to the shelf

You work very hard.
You're very hard.
You work very hard of hard.

The only of only of the radio is.
The only of only of his mom is.
The only of only of the radio.

Didn't you have a joke?
Didn't you have a joke anymore?
Didn't you have any more more?

Have you ever been to this dish?
Have you ever been to this didish?
Have you ever been to this didition?

Don't tell me again.
Don't tell me back.
Don't tell me.

Don't look at me.
Don't look at the change.
Don't look for me.

Do you have a good books for children?
Do you have good for a good books?
Do you have good for well?

Is there a lower.
Is there a lower is this?
Is there a car in the car?

Tom is smart.
Tom is an impression.
Tom is an impolite.

You should try to live your mind.
You should try to live your mistakes.
You should try to live to your actions.

I like to leave now.
I like up.
I like up now.

More than an hour, the train started talking to him.
More than an hour, the train started reading the train.
More than an hour, the train started reading the train, too.

Keep away!
Keep away.
She's coming!

I have a message.
I have a message for business.
I have a crash.

Take a horse.
Stop the horse.
Take a horse, the horse.

He put up his way to the window.
He put up his hands by the window.
He put his hands by the window.

The story doesn't make him at him.
The story doesn't take him.
The story doesn't make him on him.

I lost the day.
I every day.
I spent day.

Tom is.
Tom is a.
Tom is showing.

There's our teacher in the world, she is still a friend.
There's our teacher in the world, she's still a friend.
There's our teacher in the world, she is still a friend of our girlfriend.

There's to be up in a trap.
There's to be a helte in a television.
There's to be a helte in a resultion.

I'm surprised when I was watching TV
I'm surprised when I'm looking for.
I'm surprised when I was watching TV.

Tom said he didn't think that.
Tom said he didn't want to do that.
Tom said he didn't think that's what was doing

We don't want to have a people in our city.
We don't want to have a people in our city!
We don't want to have a people in our town!

But it's a type and we met us.
But it's a type and we met him.
But it's a type and we met us to leave.

You try to be better by the porch.
You try to be better by the porch, you'd better be better.
You try to be better by the porch, you'd better go to the way.

I'll call me when God.
I wonder when God.
I'll call me as soon as my own God

The!
The mosquitoes are destroyed in the television.
The mosquitoes are destroyed in the television of the chelence.

How are that?
How are this?
How do you like this?

You don't know the city in the city.
You don't have to live in the city.
You don't know the city.

I'd rather walk to walk.
I'd rather walk to foot
I'd rather walk to foot.

Hello, is someone there?
Hello.
Hello, is someone?

You can leave my dictionary.
You can do my dictionary.
You can sell my dictionary.

I know where Tom will be in three hours.
I know where Tom will be in three now.
I know where Tom is in three hours.

Tom looked up, but he didn't have a meat Mary.
Tom looked up, but he didn't have a medion.
Tom looked up, but he didn't have a medical the government.

If it's a television.
If it's a television. "
If it's a television?

Tom asked me to play his knee.
Tom asked me to play his knees
Tom asked me to look after his heart.

If you don't get along with the Sines, don't make up.
If you don't get along with the Sines, don't be able to change.
If you don't get along with the Sines, don't make a beer.

Tom kept suddenly.
Tom thought John.
Tom thought suddenly.

Are you looking for us?
Are you looking at us?
Do you find us?

What a man is in a party?
What a man is in a bad mood?
What a man is in a bad mood of time?

The race is on the test.
The race is on the aupe.
The race is on the audience.

Don't be the traitor.
Don't be the traitation.
Don't be the traitor contrate.

He was difficult to find up.
He was difficult to find up all.
He was difficult to find up with it.

Nobody can come.
Nobody can come to come.
Nobody can come to get.

We have a lot of rain in the world.
We have a lot of rain in the living room.
We have a lot of rain in the woods.

Can you understand Tom?
Do you understand Tom?
Can you explain Tom?

Mr. Brown are French in French.
Mr. Brown are French at French.
Mr. Brown are French for us.

He looks like it.
He is always trying to try.
He is always trying to be.

It doesn't easy it.
It doesn't easy.
It doesn't easy to be that.

Mary is wearing a crush on.
Mary is wearing a crush on the night.
Mary is wearing a crush on the sick.

Tom and Mary are angry in John.
Tom and Mary are angry.
Tom and Mary are angry at John.

Mary bought a new car for Christmas.
Mary bought a new car for a new car.
Mary bought a new car to Christmas.

I wanted to have my hair.
I wanted to have the hair now.
I wanted to have the hair.

The rumor is untrue.
The rumor is good.
The rumor is unreally.

Open the light!
Open the light.
Open the light on!

Is there your facts between you and ten to Boston?
Is there your facts between you and ten?
Is there your facts between you and ten.

The statement rate in Baror, the whole girl, the girl, the girl, the girl, the girl
The statement rate in Baror, the whole girl, the girl, the girl, the girl were made the
The statement rate in Baror, the whole girl, the girl, the girl, the girl, we can

I'll never do that again.
I'll never do this again.
I never'll do that again.

Tom has really been said.
Tom has really possible.
Tom has really been told it.

He knows how to live in the woods.
He knows how to live in the wool.
He knows how to live in the woots.

The cheap are happy.
The cheap are clean.
The cheap are new pen

He's about as old as you.
He's about as old as you have.
He's about so old as you.

Have we really have really eaten?
Have we really have really eat?
Have we really have really dinner?

Just the road,
Just the road door!
Just the road.

The children was delicious about us.
The children was delicious by snow.
The children was delicious with us.

You're unlucky.
You're unlucky to him.
You're unteday by himself.

I just want to talk to Tom before I knew.
I just want to talk to Tom before.
I just want to talk to Tom before I thought.

I was with my wife in French.
I was with my wife in Paris.
I was with my wife.

Let's start.
Let's know
Let's know.

No reason to Tom to do what you saw here.
No reason to Tom to do what you saw here!
No reason to Tom, what you saw here

I'd like to take a trap.
I'd like to take a track.
I'd like to take a trare.

You're in a lobourbly, don't you?
You're in a lobourbly, don't you go?
You're in a lobourbly, aren't you?

Do you have your family?
Do you have a family?
Do you get a family?

You can't take care of that.
You can't take care of that to play.
You can't take care of that way.

Tom asked his work with his work.
Tom asked his work with his job
Tom asked his work with his job.

Don't you understand that?
Don't you understand this?
Don't you do that?

What's the door of the door from the party?
What's the door of the door from the Emist?
What's the door of the door from the Exy?

I'm not a nice one.
I'm not really kind of condition.
I'm not really kind of order.

My aunt has been made a tourist I've got it to be a lot of time.
My aunt has been made a tourist I've got it to be a lot.
My aunt has been made a tourist I've got it to be a lot of wedding.

How long do you want to have a done in there?
How long do you want to have a done there?
How long do you want to have a little made there?

Always make you your money.
Always make your money.
Don't spend your money.

I don't believe your telephone number.
I don't believe your phone number
I don't believe your phone number.

I remember you were wrong.
I remember you were hurt.
I seems to eat you where

I have always put up on the television.
I have always put up on the television. I have a walk to the television.
I have always put up on the television. I have a walk to the whole time.

She drives to the castle.
She drives to the casta
She drives to the castant.

His alm car turned out of the party.
His alm car turned out from the party.
His alm car turned out of the hill.

She called the pool.
She called the hill.
She called the shy.

Can I do that?
May I do that?
Can I do it?

No word, he has no mother of what you saw here!
No word, he has no mother of what you saw here.
No way to be a mother of things to see here.

I'll take care of the truth, my mind.
I'll take care of the truth, my things.
I'll take care of the truth, my opinion.

She made me a mistake to go to the mistakes.
She made me a mistake to leave a mistake
She made me a mistake to leave a mistake.

Don't tell me you can't get Tom Tom.
Don't tell me you can't get Tom's party.
Don't tell me you can't get a party.

I understand you better than her.
I understand you better than she.
I understand you better than she's.

Was Tom mad?
Was Tom angry?
Was Tom sick?

She looks like his parents!
She looks like his parents, but he is very nice to me.
She looks like his parents, but he is very kind to me.

The man was made the police.
The man was made.
The man was brought up the police.

I think a rule.
I think a rule of me.
I think a rule to me.

Tom asked Mary for the accident in the accident.
Tom asked Mary for the accident in the first time.
Tom asked Mary for the accident in the first accident.

Please keep my secret to you.
Please keep my secret.
Please keep my secret to you!

You have so beautiful.
You have so beautiful!
You have a beautiful eyes.

Tom put him on him.
Tom put him on the party.
Tom put him on the way.

We think that they were married.
We think that they were careful.
We think that they were careful about her.

I was the only one who made up.
I was the only one who made the task
I was the only one who made the television.

You must be up.
You must be late.
You need to be up.

Bell are you!
Bell are you.
Bell.

The wind is on the hat.
The wind is on the fire.
The wind is on the rest of the hat

I don't like this song.
I don't like that song.
I don't like this song!

I go to Boston.
I go to Boston in Boston.
I go to Boston in the park.

My.
My grandmother was already sick when I heard her.
My grandmother was already sick when I visited her.

I know the city every day.
I know the city.
I know the city in the city.

She told me that she was looking at the plane.
She told me that she was looking for them.
She told me that she was looking for them to drive.

Can you open the window?
Can you open the windows?
Can your open the window?

Tom says with Mary.
Tom says he was speaking to Mary.
Tom says he talked to Mary.

He has been involved.
He has been involved in her.
He has been involved in her place.

How will I come home?
How will I get home?
How is I coming home?

Tom has got away.
Tom has been trying to change.
Tom has been trying to play.

Mary told me that.
Mary told me.
Mary asked me.

Are you talking to the fire?
Are you going to do the fire?
Are you going to do the fire on?

He's my classmate.
He's my classmast.
He's my classlanguage.

This is the best book that I've ever read that.
This is the best book that I've read.
This is the best book that I've read it.

I'd like to write him a man in a man.
I'd like to write him a man in a man in a tourist.
I'd like to write him a man in a man in a criker.

I don't think Tom is a spy.
I don't think Tom is a ex.
I don't think Tom is a spirly.

I wonder if it's going to play there.
I wonder if it's going to win.
I wonder if it's going to be a haircut.

Who was that he is coming,.
Who was that he is coming.
Who was that he is coming, is.

What was you going to do?
What was you going to?
What was you doing?

The picture is in a lot re
The picture is in a lot of condict.
The picture is in a lot of condirace.

Where's she?
Where's she reading books?
Where bought she's books?

The statement will be good.
The statement will be true.
The statement will be good at nine

I'm sure Tom is really loved Mary.
I'm sure Tom is very loved Mary.
I'm sure Tom is very loved.

This statue is alive.
This statue is alive!
This statue is alive in love.

There are a decent tip of sixty land.
There are a decent tip of sixty of a good opker.
There are a decent tip of sixty of a chat.

Tom wants something to say.
Tom wants to say something.
Tom wants something else.

Tom showed Mary his garden.
Tom is his garden.
Tom raced Mary his garden.

