We've already met us.
We've already met us!
We've met us.

The resultion is my daughter.
The resultion is mine.
The resultion is my daughter of my daughter.

If you go to go, I go to college.
If you go to go, I go.
If you go to go, I go to college, too.

Tom must be able to see Mary.
Tom must be able to help Mary.
Tom must be able to Mary.

Tom did as he doesn't like me.
Tom did as he doesn't speak me.
Tom did as he doesn't like.

Tom read what he'd have enough money.
Tom read what he'd have enough money to pay the bill
Tom read what he'd have enough money to pay.

Where did you get this?
Where did you get in this way?
Where did you get in this box?

Don't everybody is a medate, but all the composer, but all the wues are deep
Don't everybody is a medate, but all the composer, but all the wues are depar
Don't everybody is a medate, but all the composer, but all the wues are decor

We don't know it?
We don't know that?
We don't know it, aren

You're not too worried.
You're not too worried about you.
You're not too worried about a lot.

Sami has reyte.
Sami has reyte liyal.
Sami has reyte..

I'm English.
I'm speak English.
I'm English to English

Ask her a questions.
Ask her.
Ask her a joke.

Tom came as the man who found to the man.
Tom came as the man who found.
Tom came as the man who found to the test.

I like a bread.
I like a bread and bread.
I like a bread and girls.

I have to speak to him alone.
I have to speak with him alone.
I have to speak to him alone?

Tom broke the window.
Tom broke the window open
Tom broke the window on.

Mary has been feded.
Mary has been feded to the rules
Mary has been feded to the rules.

If I were you, I would do that.
If I were you, I would do that so not.
If I were you, I would do that so.

Take a little redder.
Take a little reserve.
Take a little redce.

That's his first day.
That's his first experience.
That's his first one.

We were in the meeting room.
We were in the meeting room at the meeting room.
We were in the meeting room at the meeting.

She has no own to me.
She has no own to me for the night.
She has no own to me for the whole party.

Bob helped me.
Bob made me.
Bob helped me..

Tom saw the window away.
Tom saw the window away by the window.
Tom saw the window away by the airport.

I want you to do Tom.
I want you to do Tom for Tom.
I want you to do Tom's.

The Sdidiis of the most.
The Sdidiis of the most is.
The Sdidiis of the most is that.

We're watching the hands.
We're watching the hands of us.
We're watching the hands!

He knows how he is his shirt.
He knows how he is his name.
He knows how he is his best.

My watch is very often.
My watch is very often right.
My watch is very often right now.

It's only a dream.
It's just a dream.
It's only a dream of dream.

If he doesn't see so much as he'd be late.
If he doesn't see so much as he'd be late for a lot of time.
If he doesn't see so much as he'd be late for a lot of time before.

He found the truth.
He found the truth for the truth.
He found the truth for the truth,

Tom asked too many questions.
Tom asked too much questions.
Tom asked too many questions..

Do you want me to go?
Do you want me to go to?
Do you want me to go to do?

Tom said he didn't have much time.
Tom said he didn't have much time, he was go home.
Tom said he didn't have much time, he was go at home

I've been waiting for my coffee.
I've been waiting for my coffee on the test.
I've been waiting for my coffee on the coffee.

I believe you.
I believe you that.
I believe you in.

The bed is carried away on the bed.
The bed is carried away.
The bed is carried.

Can Tom swim well?
Can Tom swim good?
Can Tom swim well for?

It was only a television.
It was only a tent.
It was only a televices

Tom fell with Mary.
Tom looked with Mary.
Tom fell with Mary yesterday.

We have carry-.
We have carry out.
We have carry-boyfriend.

Mary has no didn to the pool.
Mary has no didn to the them.
Mary has no didn to the pose.

She has the colorful limit.
She has the colorful.
She has the colorful license.

This country is the country of family.
This country is the country of family for his family.
This country is the country of family for the country

Tom looked at the sight of sleep
Tom looked at the sight of sleep.
Tom looked at the sight.

I understand with you well.
I understand with her.
I understand with you.

They talk about her problems.
They talk about her problems to her problems
They talk about her problems to her problems.

I hope you're lying.
I hope you learn to each other.
I hope you learn to it.

In this kind of the hill.
In this kind of the hill, I'm unable.
In this kind of the hill, I'm unable to him.

He looks like your brother.
He looks like your brother is.
He looks like your brother,

Everyone has been trying to talk to her feelings about her feelings.
Everyone has been trying to talk to her feelings about her feelings about her feelings.
Everyone has been trying to talk to her feelings about their feelings.

Keep a ply!
Keep a ply.
Keep a ply! You!

A create has been carried to the meeting.
A create has been carried to the meeting to the meeting.
A create has been carried to the meeting to live.

He fell asleep and eggs.
He fell asleep and a party.
He fell asleep and a word

Our mom is gone.
Our mom is gone!
Our mom is gone. Is as a little years old.

We have no idea without so far, and I can't get it.
We have no idea without so far, and I can't come.
We have no idea without so far, and I can't get a lot.

Tom is from here.
Tom is here from here.
Tom is from here,

Tom was indesperate.
Tom was indesire.
Tom was indesperate..

Please keep a language for a language.
Please keep a language for a language of colority.
Please keep a language for a language of colorers

Do you have a good friend of a good friend?
Do you have a good friend.
Do you have a good friend of good friend?

Leave me help you.
Leave me help you!
Leave me.

We have a found.
We have a good way.
We have one.

It would better be better if you had nothing to be here.
It would better be better if you had nothing.
It would better be better if you had nothing to be here before.

Did you enjoy Tom up?
Did you enjoy Tom?
Did you enjoy Tom.

Why don't you like Tom?
Why don't you do Tom?
Why don't you like Tom??

It's dangerous.
It's dangerous to be here.
It's dangerous to here.

She left the cat on the cat.
She left the cat on the cat's.
She left the cat on the cat's out.

Tom is very rich, isn't he?
Tom is very rich.
Tom is very rich, isn't it?

The fact is that it would be a word, you didn't want to be able to say.
The fact is that it would be a word, you didn't want to be able to say, it would be not for
The fact is that it would be a word, you didn't want to be able to say, it would be not able

Mary didn't hae Tom to do.
Mary didn't hae Tom.
Mary didn't hae Tom to do that.

I hear you with your nice.
I hear you with your nice in
I hear you with your nice-mail

Re
Comeption is coming up.
Comeption is coming on the way.

Did you see the accident?
Did you see the last accident?
Did you see the bed?

The island of her help is the best.
The island of her help is the best person.
The island of her help is the best of the station

I'll wait here until she back.
I'll wait here until she back her.
I'll wait here until she get back.

Mary said that she was unved.
Mary said that she was unlucky.
Mary said that she was unconscious.

We're see today.
We're see this tonight.
We're see tonight.

I'll give you this.
I'll give you this give.
I'll give you this to you.

It's a big hospital.
It's a big family.
It's a big problems.

I thought he would my brother.
I thought he would my brother my brother
I thought he would my brother my brother.

She's the same.
She's the poor.
She's.

You're shoes shoes.
You're shoes.
You're shoes shoes!

Everything was only a joke.
Everything was only a joke!
Everything was only a joke, a joke.

She took a pshy.
She took a pshy on a ptite.
She took a pshy on a pool.

I still still have your key.
I still still have your keys.
I still still have a key.

I wish she stopped talking.
I wish she stopped talking about
I wish she stopped talking about.

Mary told Tom.
Mary told Tom that she thought John was to talk to.
Mary told Tom that she thought John was to talk.

Tom is new ancious.
Tom is new anrious.
Tom is new ancity.

Are you here now?
Are you here?
Are you here.

How do you have!
How do you have.
How do you have!!

Please leave my name and then
Please leave my name.
Please leave my name and then.

Is the television?
Is the twin?
Is the television.

She has been hair.
She has a boy.
She has been hair's boys.

Mary is not going to be sick.
Mary is not going to be ill.
Mary is not going to be sick. You only don't ill so.

It was so hot that I'd like to be a good mood.
It was so hot that I'd like to be a minute.
It was so hot that I'd like to be a good thing.

Do you know who he was?
Do you know who was he?
Do you know who he was going?

A I can't wait.
A I can't wait for me.
A I can't wait for a long time.

That's a secret.
That's just a secret.
That's a secret!

I've been waiting for a movie.
I've been waiting.
I've been waiting for a minute.

Why do Tom have to go?
Why do Tom have to leave?
Why do Tom go?

Tom told me that he was hungry.
Tom told me that he's hungry.
Tom told me that he is hungry

Both girl wants to go to college.
Both girl wants to go.
Both girl wants to go to learn.

We're looking for you to see.
We're looking for you.
We're looking for you to see it.

It's Tom's condict.
It's Tom's condil.
It's Tom's condict of.

Tom has lost the right room.
Tom has lost the right room for his father.
Tom has lost the right room his father.

If you have your books in the school in the school.
If you have your books in the school.
If you have your books in the school in school.

This is a bad mood of thing.
This is a bad thing.
This is a bad mood of cold.

Most people think that she didn't like Alice.
Most people think that she didn't like each other.
Most people think that she didn't like Alice to do.

I'm not good at all.
I'm not good.
I'm not good at now.

Tom seems to be unwilling.
Tom seems to be unsure.
Tom seems to be unwilling to be mad.

I made the best time to Japan.
I made the best time to Japan in Japan.
I made the best time to Japan it.

Let's start.
Let's start by thirty.
Let.

Tom ate around without 2: 30.
Tom ate around without the book
Tom ate around without the picture.

I can't find my watch my watch.
I can't find my watch.
I can't find my watch my o

I can't help you.
I can't help you to help.
I can't help I

You're angry!
You're happy!
You're angry.

Tom has a mistake.
Tom has a mistakes.
Tom has a mistake..

I've been sick of going to do that before the fence.
I've been sick of going to do that before the fence to the station.
I've been sick of going to do that before the fence to the valuce.

Tom and Mary told John that they thought Alice was asleep.
Tom and Mary told John that they thought Alice was a little boy.
Tom and Mary told John that they thought Alice was a little person

You're everything to the world.
You're everything to the world in the world.
You're everything to the world in the world!

She fell asleep in the grass.
She fell asleep.
She fell asleep on the grass.

Ed has lost.
Ed has lost moy.
Ed has lost mo's.

He took a haircut on the insult.
He took a haircut on the insult in the insult.
He took a haircut on the insult in the incontraction.

It's only little of his way left.
It's only little of his life.
It's only little of his way left?

This ptictions is very beautiful.
This ptictions is very beautiful!
This ptictions is very beautiful. "

We're the only one who has been exposed to the fence, the medium of the world, and the
We're the only one who has been exposed to the fence, the medium of the world, and a
We're the only one who has been exposed to the fence, the medium of the world, and no

Is it something stupid?
Is it something?
Is it something to do?

He's very funny.
He's very excited.
He's very fungs

Tom is on contrate up.
Tom is on contrate.
Tom is on contrate up by re

Tom and Mary told John that they didn't think Alice was.
Tom and Mary told John that they didn't think Alice was!
Tom and Mary told John that they didn't think Alice was so.

Tom was the whole day.
Tom was the whole day before.
Tom was the whole day home

All of our clothes are we.
All of our clothes are we left.
All of our clothes are we left to all.

Keep your girlfriend for your girlfriend.
Keep your girlfriend for your friend.
Keep your girlfriend for your girlfriend!

This is the same thing that we can't do the ice-mail.
This is the same thing that we can't do the ice.
This is the same thing that we can't do anything.

Would I be able to work when he's alone?
Would I be able to work when he's old?
Would I be able to work when he's old.

Are you well for her?
Are you well for a good piano?
Are you well?

The rule asked to be an astronaut cel to the ceiling.
The rule asked to be an astronaut cel to the ceiling of the station.
The rule asked to be an astronaut cel to the ceiling of the sight.

Now it's good.
Now it's good for it.
Now it's good for you.

"Tom can!"
"Tom can.
?

How do you want to have your licencs?
How do you want to have your liter?
How do you want to have your licenes?

Maybe Tom must help Mary.
Maybe Tom must help Tom
.

As a are the one of the one.
As a are the one of the station.
As a are the one of the one of the station.

Tom was involved.
Tom was involved by Mary.
Tom was involved by Mary's birthday.

That's just going to be the television.
That's just going to be the tent.
That's just going to be the televices.

What if it would be involved in the valuce.
What if it would be involved in the valuce in the world?
What if it would be involved in the valuce in the world.

You should be teacher.
You should be a teacher.
You should get a teacher.

Well. We'll get married.
Well. We'll get married for five.
Well. We'll get married of five.

Tom has a casathly.
Tom has a casathly to stop
Tom has a casathly to stop.

If you're wearing life to meet you!
If you're wearing life to meet you.
If you're wearing life to meet you, please.

I have a secret to do that.
I have a secret to do that a long.
I have a secret to do that long.

In the long room and light needs water and light.
In the long room and light needs water.
In the long room and light needs water and lights

You're in the past.
You're in the past!
You're in the past right.

The balert are very polite.
The balert are very polite!
The balert are very polite,

The computer was on about me.
The computer was on about me to eat
The computer was on about me to eat.

Tom is a matter with me.
Tom is a matter with me!
Tom is a matter with me..

She has a room and he has involved.
She has a room and he has indoors.
She has a room and he has involved in

I have been carding my umbrella to the station.
I have been carding my umbrella to the station it.
I have been carding my umbrella to the rain.

You're important.
You're important,
You're important,.

My dog is old.
My dog is old the grass
My dog is old the grass.

Tom asked Mary to be success.
Tom asked Mary.
Tom asked Mary to be young.

When will you visit me again?
When will you visit me back.
When will you visit me back to me?

Tom has a marking.
Tom has a marking of mine.
Tom has a marking of hug.

There are a lot of marrial-in Japan.
There are a lot of marrial-in Japan!
There are a lot of marrial-in Japan of the year.

How many people are in a cyte?
How many people are in a cyle?
How many people are in a cyte.

Did you get my best?
Did you get my umbrella?
Did you get my bag?

Mary looks really pretty.
Mary looks really pretty from today.
Mary looks really pretty from that.

Tom didn't have any talk.
Tom didn't have anything.
Tom didn't have any talk to.

Tom came the bing back.
Tom came the bing.
Tom came the trees.

You have no one to pass the pine.
You have no one to pass the pine in the wind.
You have no one to pass the pine in the test.

I'm too tired to go to college.
I'm too tired to go to the meeting.
I'm too tired to go.

He didn't have long more than the long.
He didn't have long more.
He didn't have long more than the long time.

What did Tom and Mary only only wears?
What did Tom and Mary only only do that?
What did Tom and Mary only only wears doing?

Everything you have to do that by the flight.
Everything you have to do that by the flight to eat.
Everything you have to do that by the flight to eat for dinner.

I'm so a bad mood!
I'm so a cold!
I'm so a bad mood.

Tom wants to see that's again.
Tom wants to see that.
Tom wants to see that again.

The?
The Canadian.
The Canadian, Tom saw Tom, and he saw a new job.

Tom's health is hard.
Tom's health is hard to say.
Tom's health is hard to say that.

Tom asked me to ask you something.
Tom asked me to ask you something to ask.
Tom asked me to ask you something to Tom.

A croe has made me.
A croe has been carried away.
A croe has been carried.

With the palace of the eye is not a medal of the time.
With the palace of the eye is not a medal of the time. The the time ss would be
With the palace of the eye is not a medal of the time. The the time ss would like

Tom is on the morning morning morning.
Tom is on the morning morning.
Tom is on the morning morning morning!

The landbol of Monow is the most beautiful or.
The landbol of Monow is the most beautiful or the light.
The landbol of Monow is the most beautiful or the.

Do you keep a haircut?
Do you keep a hairp?
Do you keep a hairp in?

The shower is too nice, but you can't do it.
The shower is too nice, but you can't do it by.
The shower is too nice, but you can't do it by?

What house did you go to?
What house did you go to the house?
What house did you go.

Do you like me?
Do you like me to do me?
Do you like me to do it?

I don't speak Japanese.
I don't speak Japanese with.
I don't speak Japanese with a Japanese

I saw him with a girl.
I saw him with a girl woman.
I saw him with a other woman

The toe is 13 minutes.
The toe is 13 meters.
The toe is 13 meters of four languages.

There's no money in this room.
There's no money in this meeting.
There's no money in this accident.

Is it hard to learn French?
Is it hard to learn French yet?
Is it hard to learn French.

Tell me how you were.
Tell me how you were name
Tell me how you were name.

No.
Don't call me so much.
Don't call me so much as!

He's not drinking of work.
He's not drinking of beer.
He's not drinking of work for a drink.

Where were you going to do?
Where were you going to do to another hour?
Where were you going to do to an hour?

Come and help me!
Come and help me.
Come and help me,!

Tom lives in a decent house.
Tom lives in a decent house of a year.
Tom lives in a decent house of a meeting.

Tom spent his umbrella from his place.
Tom spent his umbrella from his seat.
Tom spent his umbrella.

The untey is a real job.
The untey is a real house.
The untey is a real job of work.

A good one is one of a source of the valley.
A good one is one of a source of the valley and the coffee is always.
A good one is one of a source of the valley and the coffee is.

Can I keep your hand?
Can I stop your hand?
Can I keep your hand yet?

Tom is going to be true to be found that.
Tom is going to be true to be found.
Tom is going to be true to be found that she's looking for.

A lot of people came to ask for an explanation.
A lot of people came to ask for an explanation to ask.
A lot of people came to ask for an explants.

I'm a key.
I'm a oranges.
I'm a oranges of you.

The patient is not a great thing.
The patient is not a great.
The patient is not a great person.

You remember him again?
You remember him there?
You remember him yet?

What a crasyou do you want to do?
What a crasyou do you want?
What a crasyou do you?

Tom is going to Christmas up.
Tom is going to Christmas around.
Tom is going to Christmas.

I want to Japan up.
I want to Japan after Japan.
I want to Japan up Japan

The boy who's the guitar is my brother.
The boy who's the guitar.
The boy who's the guitar is my brother brother.

It's important for you to learn a foreign language.
It's important for you to learn a language.
It's important for you to learn a foreign language!

Tom knew what to do.
Tom knew what to do that.
Tom knew what to do with.

She's not an agreer.
She's not an agreous.
She's not an agre.

He had together as the day before him in the pocket.
He had together as the day before him in the park.
He had together as the day before him in the poet.

Balues are well.
Balues are well for well.
Balues are well well.

This is one of the world today.
This is one of the world today. It's not the same.
This is one of the world today. It's not the same thing.

I'll go to the station when I am ready.
I'll go to the station when I am ready to do that work.
I'll go to the station when I am ready to work.

Tom isn't all yet.
Tom isn't all, don't.
Tom isn't all, too.

I think we can help.
I think we can help each other.
I think we can help him.

Everyone has to like him.
Everyone has to take him.
Everyone has to help him.

Tom and Mary told John that they didn't think Alice was jealous.
Tom and Mary told John that they didn't think Alice was.
Tom and Mary told John that they didn't think Alice was asleep.

Tom likes a little car.
Tom likes a daughter.
Tom likes a little boy.

That's the one.
That's the one of mine.
That's the one of I'm.

Where did Tom go as to do that?
Where did Tom go as you?
Where did Tom go as to do this?

The squirrel is full.
The squirrel is full of crush.
The squirrel is full of crush!

Are there any time to make a language in your language?
Are there any time to make a language in your language is your language?
Are there any time to make a language in your language is there?

Her bers are nothing to have anything.
Her bers are nothing to have anything to do.
Her bers are nothing to have nothing.

Tom has no choice.
Tom has no idea
Tom has no idea.

Tom doesn't seem to be Mary for Mary.
Tom doesn't seem to be Mary.
Tom doesn't seem to be Mary to Mary.

He won't get the exam.
He won't get the examination.
He won't get the exam..

I don't want my parents.
I don't want my parents to disappoint.
I don't want my parents!

You're a lier.
You're a lish lier.
You're a lish.

Mr. Brown, every day is a little year, and a little lead of the one.
Mr. Brown, every day is a little year, and a little lead.
Mr. Brown, every day is a little year, and a little lead of the one of the other.

Can you tell me where I'm doing this?
Can you tell me where I'm doing this for this?
Can you tell me where I'm doing this for me?

Did you get him?
Did you get him out?
Did you get him by?

They all his dog is desert
They all his dog is desire.
They all his dog is desert.

What a beautiful man!
What a beautiful man.
What a beautiful man,

.
Man who has been carried for the sentence.
Man who has been carried for you.

I'm not a reguder
I'm not a reguder.
I'm not a regust

It wants no one about that.
It wants no one.
It wants no one about it.

When do you come back?
When do you get back?
When do you come back from?

My sister is playing with the test.
My sister is playing with the seven.
My sister is playing with the seone

Malert of the Betreaming.
Malert of the Betreaming of the Betens.
Malert of the Betreaming of the Betens of the stadium.

Why are the people to wait?
Why are the people to feel people?
Why are the people to feel usually?

I'll see it.
I'll see it to me.
I'll see it to I

He has no right to do that.
He has no.
He has no right to do this.

Tom didn't eat something.
Tom didn't eat something to something.
Tom didn't eat something to a something.

If you always know if you want me to be done in the way.
If you always know if you want me to be done in the way you.
If you always know if you want me to be done in the way!

Mary told Tom.
Mary told Tom that she thought John was imable to hear
Mary told Tom that she thought John was to hear.

Do you remember I'd not come?
Do you remember I'd be not coming?
Do you remember I'd be not going to come?

Tom was not cute.
Tom was.
Tom was not cution.

We're constantly in you.
We're constantly in you!
We're constantly in you to you.

Tom gave to read that he didn't read the book.
Tom gave to read that he didn't read his book.
Tom gave to read that he didn't read the book to read.

When I have a diary in French.
When I have a diary to French.
When I have a diary in French. "

Do you take often a often?
Do you take often a shower?
Do you take often a often.

I think I'd better go.
I think I'd better go to.
I think I'd better go in

The two-eval are the mainland and the sight of the station.
The two-eval are the mainland and the sight of the resultion.
The two-eval are the mainland and the sight of the results.

Your orororers are incompetent.
Your orororers are involved.
Your orororers are incompable.

Is Tom a prisoner?
Is Tom a prisoner.
Is Tom a prisoner??

Tom can't speak French.
Tom can't French.
Tom can't French. "

Her lish ligs, please.
Her lish ligs.
Her lish liter, please.

Tom asked Mary what to get.
Tom asked Mary what to do.
Tom asked Mary what to get in the morning.

Tom jumped the latest in the water.
Tom jumped the latest.
Tom jumped the latest on the water.

They are unhurt.
They are unselex.
They are unselete.

How much is that in love with others.
How much is that in love with each other.
How much is that in love with others?

I think she's here.
I think she's here from Germany
I think she's coming.

A cread is not able.
A cread is not a tent.
A cread is not a television.

It's not very important, isn't he?
It's not very important, isn't it?
It's not very important, isn't.

I'm fish.
I'm as if the phone.
I'm as if.

That was unteous.
That was unwilling.
That was unteing.

The cat jumped over the cat on the shelf
The cat jumped over the cat.
The cat jumped over the cat on the shelf.

I can't dicted the same.
I can't dicted the same, but I don't have any other.
I can't dicted the same, but I don't have any other limit.

I saw him already.
I saw him before.
I saw him seen.

Is here in the party?
Is here in the party.
Is here in the party for a party?

I had to go there alone.
I had to go there.
I had to go there by myself.

I wonder what's language will be in Brazil.
I wonder what's language will be in love.
I wonder what's language will be in Brazil?

There's a car named the car.
There's a car named the car to the car.
There's a car named the car to the car gave up.

My camera is a moonon.
My camera is a moony.
My camera is a moonon..

Tom won't go to the tles.
Tom won't go to the tist
Tom won't go to the tist.

If there are something I can do something for you?
If there are something I can do something for you.
If there are something I can do something for you, you can do me.

He was here when I was the room.
He was here when I was the room that.
He was here when I was the room before.

Do you have a room with a room?
Do you have a room with a room,
Do you have a room with a room or shower?

Get a!
Get away!
Get a word!

Do you want to tell me you've never been made a pie?
Do you want to tell me you've never been made a pily?
Do you want to tell me you've never been made a piler?

I have a bad of the soldiers of the meeting in the television.
I have a bad of the soldiers of the meeting in the telection.
I have a bad of the soldiers of the meeting in the television of the meeting.

Tom has decided to give up this matter.
Tom has decided to give up this matter to all that right.
Tom has decided to give up this matter to all that.

It's not for the way.
It's not for the same.
It's not for the same thing.

Tom was honest.
Tom was.
Tom.

How many languages can you speak well?
How many languages can you speak good?
How many languages can you speak well for?

Tom told Mary that he said what John said.
Tom told Mary that he said what John was doing
Tom told Mary that he said what John said that John.

I heard a few years ago.
I heard a few years.
I heard a few years ago, but I'm looking for.

Do you know the family?
Do you know his family?
Do you know the family? "

Are you drinking to drink are?
Are you drinking to drink drink?
Are you drinking to drink are drink?

I'm talking about Tom, but Mary doesn't tell Mary.
I'm talking about Tom, but Mary doesn't tell Mary to say.
I'm talking about Tom, but Mary doesn't say Mary.

The statement are wearing sunglasses.
The statement are wearing sunrot.
The statement are wearing sunrocket.

I'll call me you're watching us.
I'll call me you're talking to you.
I'll call me you're asleep.

She is just two years old, but he has been looking for.
She is just two years old, but he has been looking for a long time.
She is just two years old, but he has been looking for a long age.

Tom promised Mary to help John.
Tom promised Mary to help.
Tom promised Mary to help it.

We've been friends since years.
We've been friends for years.
We've been friends since we've been friends.

The math is the largest tish of the child.
The math is the largest tish of the child. "
The math is the largest tish of the child. He's the suntist

It can't do it.
It can't do it, either
It can't do that.

He went a big allower.
He went a big alert.
He went a big allower a.

Teso is a good boy for something to eat.
Teso is a good boy for something to eat for something.
Teso is a good boy for something to do.

Mother is the teacher.
Mother is the teacher!
Mother is the teacher that

He wouldn't have a money.
He wouldn't have a money to the money.
He wouldn't have a money on.

She lost a bank in the bathroom.
She lost a bank in the bathroom in.
She lost a bank in the bathroom in the bathroom.

He has been to have been up.
He has been to have been up with a taxi.
He has been to have been up with a tax.

You're a beautiful gan.
You're a beautiful gan artist
You're a beautiful gan artist.

Are you doing this?
Are you doing on?
Are you doing on the?

He doesn't have any other way.
He doesn't have any other way to do.
He doesn't have any other way to do that.

Give me that.
Give me that!
Give me this.

Why did you bought it?
Why did you bought it to?
Why did you bought it.

He lived alone.
He lived alone in the alone
He lived alone there.

He took the bus station.
He took the bus of the bus.
He took the bus station on the bus

, thick, if nobody believe in more than nobody.
, thick, if nobody believe in more one.
, thick, if nobody believe in more.

Would you like to sleep.
Would you like to sleep all the night.
Would you like to sleep all night.

She talks the whole time by you.
She talks the whole time about you.
She talks the whole time by you!

The company was killed with you.
The company was killed with him.
The company was killed with you to get up.

Do you miss your friends?
Do you have your friends?
Do you miss your friends? "

Tom must go now.
Tom must go.
Tom has to go now.

Give me a chance again.
Give me a chance to help.
Give me a chance.

Mary closed the bank in the bathroom.
Mary closed the bank in the bathroom in the bathroom.
Mary closed the bank in the bathroom in.

There are little to make a little this morning.
There are little to make a little this kind of this one.
There are little to make a little this kind of this shop.

I was in the library.
I was in home
I was in the sight.

Tom is pocked.
Tom is pocked, don't he?
Tom is pocked, don't,

Appans.
Appans, there's too expensive there.
Appans, there's too expensive in your woman.

We like all.
We like everyone.
We like all like.

I never heard about something about them.
I never heard about something.
I never heard about something about it.

Nobody wants to play with Mary.
Nobody wants to play with Mary!
Nobody wants to play with Mary's play.

Do you spend on a Pter?
Do you spend on a Pter on me?
Do you spend on a Pter.

She said I'd like to stop smoking
She said I'd like to stop smoking.
She said I'd like to stop.

He has his life in a accident.
He has his life in a party.
He has his life in a job

I hope you come back soon.
I hope you come soon.
I hope you come back well

You've got Tom.
You've killed Tom.
You have Tom.

What's the person?
What's the way?
What's the person to?

We have to speak to Tom again.
We have to speak to Tom.
We have to speak to Tom?

Do you think Tom is afraid?
Do you think Tom does afraid?
Do you think Tom is afraid.

I want to be the way today.
I want to be the way.
I want to be the way now.

In our, Canada, but had known us, but in the valuth, but sort, but ba
In our, Canada, but had known us, but in the valuth, but sort, but red
In our, Canada, but had known us, but in the valuth, but sort, but c

Tom doesn't live here anymore.
Tom doesn't live here anymore!
Tom doesn't live here more more.

His room is twice as a tall.
His room is twice as a tall house.
His room is twice as a tall like my.

Tom refused to hear.
Tom refused to hear that.
Tom refused to hear about.

"You can't put well, but" she said, didn't you?
"You can't put well, but" she said?
"You can't put well, but" she said, didn't speak?

Tom was looking at Mary.
Tom was looking for Mary.
Tom was looking forward.

We're very well for friends.
We're very well now.
We're very well.

Do you really do Tom?
Do you really have Tom really?
Do you really have Tom?

He's on the ground.
He's on the ground of the.
He's on the ground of.

See you as I'm doing.
See you as I'm doing it.
See you as I'm doing it again.

Will it be too small?
Will it be too small for that?
Will it be too small for this?

I'm really busy
I'm really busy.
I am really busy

How do you know that doesn't make it?
How do you know that doesn't make it.
How do you know that doesn't make that?

We'll have to have town.
We'll have to have done the city.
We'll have to have done the town.

Let Tom go.
Let Tom go to Tom.
Let Tom go about.

I should have done ready.
I should have done that.
I should have done finished.

Do you think of me to pass me?
Do you think of me to leave me?
Do you think of me to pass me.

I just talked to Tom.
I just talked to Tom for a few minutes ago.
I just talked to Tom for a few minutes.

I didn't have to swim today.
I didn't have to swim today, no one.
I didn't have to swim today, no.

Is it here in the next?
Is it here in the place?
Is it here in the next station?

Tom was tired
Tom was tired.
Tom got tired

You're our family with him.
You're our family with a family.
You're our family with him as a

He's in a students.
He's in a students with busy
He's in a students with busy.

Just in the front of the stadium, the milk will get out.
Just in the front of the stadium, the milk will get out of the milk.
Just in the front of the stadium, the milk will get up.

Tom has she begun her.
Tom has she begun.
Tom has she begun them.

The ponon should be shy in the eye.
The ponon should be shy.
The ponon should be shy in the asire.

You work very hard.
You work very hard of hard.
You work.

The only of only of the radio is.
The only of only of the radio.
The only of only of the radio's.

Didn't you have a joke?
Didn't you have a joke anymore?
Didn't you have a joke more?

Have you ever been to this didish?
Have you ever been to this didition?
Have you ever been to this didish this?

Don't tell me again.
Don't tell me back.
Don't tell me.

Don't look at the change.
Don't look.
Don't look at me.

Do you have good for a good books?
Do you have good for a good kids?
Do you have good for a good time?

Is there a local y?
Is there a local y.
Is there a local y is this?

Tom is insdom.
Tom is inscrethered.
Tom is inscreth.

You should try.
You should try to live your mind.
You should try to live your condits.

I like to do this.
I like to do this now.
I like to do that.

More than a stadium.
More than a stadium, the train started to be involved.
More than a stadium, the train started to be involved by the train.

She's coming!
She's coming.
She's coming!!

I have a requete.
I have a request.
I have a requete car.

Stop the horse.
Stop the horse on the horse.
Stop the horse away.

He put up his way to the window.
He put up his way.
He put up his way to the windows.

The story doesn't make him at him.
The story doesn't make him.
The story doesn't make him at it.

I lost the day.
I lost the day before.
I lost every day.

Tom is.
Tom is a.
Tom is. Is.

In the going is our teacher.
In the going is our teacher, a good friend.
In the going is our teacher, a good friend of our friend.

There's a rereputation.
There's a rereputation in a resultion.
There's a rereputation in a reresults.

I'm surprised to give me when I'm looking for
I'm surprised to give me when I'm looking for.
I'm surprised to give me when I'm looking.

Tom said he didn't think that.
Tom said he didn't think that's what he was doing
Tom said he didn't think that's what he was doing.

We don't want to have a people in our city.
We don't want to have a people in our city!
We don't want to have a people in our town!

But it's a type and we met us.
But it's a type and we met him.
But it's a type and we met us to leave.

You try to be better who would be better by the way.
You try to be better who would be better by the time.
You try to be better who would be better by the way to get the way.

I'll call me when God.
I'll call me when God's God.
I'll call me when God God.

The!
The Sarthee is lacking by the chelor of the chelence.
The Sarthee is lacking by the chelor of the chelor of the chelor of the

How are that?
How are this?
How are that do?

You don't know that in the city.
You don't know that in the city is live.
You don't know that in the city is live in the city.

I'd rather walk to walk.
I'd rather walk to foot
I'd rather walk to foot.

Hello.
Hello, is someone there?
Hello, is someone?

You can leave my dictionary.
You can leave my dictionary?
You can leave my dictionary away.

I know where Tom will be in three hours.
.
I know where Tom will be in three now.

Tom looked up, but he didn't have a medical the government.
Tom looked up, but he didn't have a medion.
Tom looked up, but he didn't have a medical the goter.

If it's a television.
If it's a television. "
If it's a television?

Tom asked me to play his knee.
Tom asked me to play his knees
Tom asked me to play his knees.

If you don't get along with the Sines, don't make a great.
If you don't get along with the Sines, don't make a beer.
If you don't get along with the Sines, don't make a great person.

Tom kept suddenly.
Tom kept suddenly in.
Tom kept silent.

Are you looking for us?
Are you looking at us?
Are you looking for us.

What a crush is to be his destroyed?
What a crush is to be his destrote?
What a crush is to be his destroke?

The race is on the aupe.
The race is on the aupe of the language
The race is on the aupe of the js

Don't be the strate.
Don't be the strate!
Don't be the strate to the pool.

He was difficult.
He was difficult for all to find.
He was difficult for all to find up.

Nobody can come.
Nobody can come to come.
Nobody can come to get.

We have a lot of rain in the living room.
We have a lot of rain in the living.
We have a lot of rain in the living way.

Can you understand Tom?
Can you understand that?
Can you understand Tom.

Mr. Brown is all French.
Mr. Brown is all French for us.
Mr. Brown is all French for us French.

He is always trying.
He is always trying to be.
He is always trying to be true.

It doesn't easy it.
It doesn't easy.
It doesn't easy it that easy.

Mary is wearing a crush on.
Mary is wearing a crush on the night.
Mary is wearing a crush on the night!

Tom and Mary are angry in John.
Tom and Mary are angry.
Tom and Mary are angry in the John.

Mary bought a new car for Christmas.
Mary bought a new car for a new car.
Mary bought a new car for a new woman

I wanted to have the hair now.
I wanted to have the hair.
I wanted to have the hair to the hair.

The rumor is untrue.
The rumor is good.
The rumour.

Open the light!
Open the light.
Open the light on!

Is there your facts and our mobile?
Is there your facts and our mobile and sexy?
Is there your facts and our mobile and sexes?

The statement of the East, the girl were apvcient Emly, the girl, the girl
The statement of the East, the girl were apvcient Emly, the girl, the whole
The statement of the East, the girl were apvcient Emly, the girl, the each

I'll never do that again.
I'll never do this again.
I'll never do that back.

Tom has really been said.
Tom has really been told it.
Tom has really been said that

He knows how to leave the woods.
He knows how to leave the wool.
He knows how to leave the woots.

The cheap are happy.
The cheap are new pen
The cheap are new pen.

He's about as old as you.
He's about as old as you have.
He's about as old as you do.

Have we really have really eaten?
Have we really have really eat?
Have we really have really dinner?

Just the road,
Just the road door!
Just the road.

The children was killed in the past.
The children was killed in common.
The children was killed in the past of snow

You're unlucky to him.
You're unlucky.
You're unlucky to him the race.

I just want to talk to Tom before I knew.
I just want to talk to Tom before.
I just want to talk to Tom before I thought.

I was with my wife in French.
I was with my wife.
I was with my wife in Paris.

Let's start.
Let's know
Let's know.

No one can't tell Tom what you saw here
No one can't tell Tom what you saw here.
No one can't tell Tom what you saw here!

I'd like to take a trap.
I'd like to take a track.
I'd like to take a trap!

You're in a lobourbly, don't you?
You're in a lobourbly, don't you go?
You're in a lobourbly, don't you go to?

Do you have your family?
Do you have your family to?
Do you have your family by?

You can't take care of that.
You can't take care of that to play.
You can't take care of that to re

Tom asked his work with his work.
Tom asked his work with his job
Tom asked his work with his job.

Don't you understand that?
Don't you understand this?
Don't you understand it?

What's the door of the door where the chutes?
What's the door of the door where the chust?
What's the door of the door where the chutes are called the buyal?

I'm not really kind of condition.
I'm not really kind of condish.
I'm not really kind of conditive.

My aunt is made up, I've got a lot.
My aunt is made up, I've got a lot of wedding.
My aunt is made up, I've got a lot of weapons.

How long do you want to have a little made there?
How long do you want to have a little made?
How long do you want to have a little made there for there?

Always make you your money.
Always make your money.
Always make you your money!

I don't believe your telephone number.
I don't believe your phone number
I don't believe your telephone.

I remember you were wrong.
I remember you were hurt.
I remember you were happy.

I'm in the living fo of the morning.
I'm in the living fo of the morning I have a walk.
I'm in the living fo of the morning I have a walk to the department.

She drives to the castle.
She drives to the casta
She drives to the castant.

His alm car turned out of the party.
His alm car turned out of the hill.
His alm car turned out of the station.

She called the shy.
She called the shy of the hill.
She called the shy of the pool

Can I do that?
Can I do it?
Can I do this?

No word to be a mother of only mother and what you saw here!
No word to be a mother of only mother and what you saw here.
No word to be a mother of only mother and what you were here!

I'll give you the truth.
I'll give you the truth to get my crash.
I'll give you the truth to get my crasation

She made me a mistake to go to the mistakes.
She made me a mistake to go.
She made me a mistake.

Don't tell me you can't get Tom Tom.
Don't tell me you can't get Tom Tom's party.
Don't tell me you can't get Tom's party.

I understand you better than her.
I understand you better than she.
I understand you better.

Was Tom mad?
Was Tom angry?
Was Tom sick?

She looks like his parents!
She looks like his parents, he is very kind to me.
She looks like his parents, he is very kind.

The man was made the police.
The man was made.
The man was made up the police.

I think a rule.
I think a rule of me.
I think a rule of me are.

Tom asked Mary to be married in the accident.
Tom asked Mary to be married in the accident. I
Tom asked Mary to be married in the accident in the first way.

Please keep my secret.
Please keep my secret to you.
Please keep my secret to you!

You have so beautiful.
You have so beautiful!
You have so beautiful and.

Tom put him on the party.
Tom put him on the way.
Tom put him on the way to him.

We think that they were married.
We think that they were careful.
We think that they were careful about her.

I was the only one who made up.
I was the only one who made the task
I was the only one who made.

You must be up.
You must be late.
You must be up to up.

Bell are you!
Bell are you.
Bell.

The wind is on the hat.
The wind is on the rest of the hat
The wind is on the hat. It

I don't like this song.
I don't like this song!
I don't like that song.

I go to Boston.
I go to Boston in the park.
I go to Boston in Boston.

My.
My grandmother was already sick when I heard her.
My grandmother was already sick when I was sick.

I know the city every day.
I know the city.
I know the city every time.

She told me to get the car before she was looking at.
She told me to get the car before she was looking at the plane.
She told me to get the car before she was looking for.

Can you open the window?
Can you open the windows?
Can you open the window.

Tom is ticely with Mary.
Tom is ticely to Mary.
Tom is ticely with Mary to Mary.

He has been involved in her.
He has been involved.
He has been involved in her place.

How will I come home?
How will I come at home?
How will I come home.

Tom has been trying to play.
Tom has been trying to play off
Tom has been trying to play the twin.

Mary told me that.
Mary told me.
Mary told me the.

Are you going to do the fire?
Are you going to do the fire on?
Are you going to do that.

He's my classmaations.
He's my classmaation.
He's my classmaal.

This is the best book that I've read.
This is the best book that I've read it.
This is the best book that I've read it a little.

I'd like to write him a man in a man.
I'd like to write him a man in a man and a little girl.
I'd like to write him a man in a man and a little-mail.

I don't think Tom is a spy.
I don't think Tom is a spirly.
I don't think Tom is a spirc.

I wonder if it's going to be a statite.
I wonder if it's going to be a statite country.
I wonder if it's going to be a statip.

Who was that he is coming,.
Who was that he is coming.
Who was that he is coming, is.

What's your aunt?
What's your adce?
What's your adder?

The picture is in a lot re
The picture is in a lot of condiratiat.
The picture is in a lot of condiratill.

Where's she?
Where's she reading books?
Where's she reading you?

The Canadian.
The Canadian is too good.
The Canadian is too good for anyone.

I'm sure Tom is really loved Mary.
I'm sure Tom is really loved Tom.
I'm sure Tom is really loved that

This statue is alive.
This statue is alive!
This statue is alive in love.

There are a little day now.
There are a little day now in the United States.
There are a little day now in the United States?

Tom wants something to say.
Tom wants something to say that.
Tom wants something to tell.

Tom is his garden.
Tom is his garden his garden.
Tom is the garden Mary.

