We already met us.
We've already met us.
We have already met us.

He likes my daughter.
All of my daughter is a daughter.
All of my daughter is my daughter.

If you go to go, I go to college.
If you go to go, I go to college, too.
If you leave tomorrow, I go to college, too.

Tom must get up with Mary.
Tom has to get up with Mary.
Tom must be able to see Mary.

Tom did as if he didn't speak me.
Tom did as if he wasn't.
Tom did as if he doesn't like me.

Tom read what he would like to pay for the money.
Tom read what he'd have enough money to hear.
Tom read what he would have enough money to pay.

Where are you in this alone?
Where are you in this box?
Where are you in this afternoon?

Didn't everybody have a tax, but all the composers, but in the world, but all the sdom
Didn't everybody have a tax, but all the composers, but in the world, and all are the best
Didn't everybody have a tax, but all the composers, but in the world, but all is the best

We don't know it?
We didn't know it?
We don't do it?

You're not too worried.
You can talk to you.
You're not too many worried.

Sami has cried.
Sami has threaming.
Sami has threate.

I'm English.
I'm speak English.
I am English.

Ask her.
Ask her quiet.
Ask her homework.

Tom came as a who man.
Tom came as a who man on the man.
Tom came as the man on the man.

I like milk and bread.
I love your bread.
I love bread and bread.

I have to speak to him alone.
I have to speak with him alone.
I need to speak with him alone.

Tom broke the window.
Tom broke the window on the window.
Tom broke the window over.

Mary has been carried away.
Mary has been carried out.
Mary has been carried up.

If I were you, I wouldn't do that.
If I were you, I'd do that.
If I were you, I would do that.

Take a television.
Take a tles.
Take a tors.

That's his first day.
This is his first day.
It's his sister.

We had lunch in the meeting room.
We have lunch in the meeting room.
We slept in the meeting room.

She has no word to me.
She has no right to me.
She has no word to me for the night.

Bob helped me.
Bob made me.
Bob gave me.

Tom looked out of the window.
Tom looked around the window.
Tom saw the window on the window.

I want you to answer Tom.
I want you to do Tom.
I want you to sing Tom.

The sisters is the most delicious.
The sisters is the most odd.
The island is the most odd.

We're watching the hands.
We're drawing the hands.
We're having the hands.

He knows how he is his shirt.
He knows how he fell his shirt
He knows how he fell his shirt.

My watch is very exactly.
My watch is very hot.
My watch is very often.

It's only a dream.
It's just a dream.
It is only a dream.

If he doesn't see so much, he would like more time.
If he doesn't see so much, he would like more much time.
If he doesn't see so much as if he'd be a lot of time.

They found the truth.
He found the truth.
He found the truth for the truth.

Tom asked too many questions.
Tom asked for many questions.
Tom asked for a lot of questions.

Do you want me to go?
Do you want me to go to?
Do you want me me to go?

Tom said he didn't have to go home.
Tom said he couldn't go home.
Tom said he didn't drive to go home.

I've been waiting for my coffee.
I have my coffee on the coffee.
I put my coffee on the coffee.

I believe you.
I found you.
I've made you.

Take the bed.
In the bed is taking the bed.
The bed is carried away on the bed.

Can Tom swim well?
Can Tom swim good?
May Tom swim well?

It was only a television.
It was only a tent.
It was only a nial tree.

Tom ate with Mary.
Tom looked with Mary.
Tom fell with Mary.

We made up.
We have respect.
We have respect for anyone.

Mary has no didn who she went.
Mary has no one who they hill.
Mary has no one who they were on.

She has the mazing.
She has the mazing-mail.
She has the mazing destroyed.

This country is the next family.
This country is the next man.
This country is on the country.

Tom looked to sleep.
Tom looked up to sleep.
Tom looked up by the time.

I understand with you well.
I understand with her.
I understand you well with her.

You talk about her problems.
They talk about her problems.
They talked about her problems.

I hope you're lying.
I hope you learn to each other.
I hope you learn to it.

In this kind of these days.
In this kind of the hill.
That's where I'm doing that in this office.

He looks like your brother.
He looks as your brother.
He looks like your brother is.

Everyone has been trying to talk to her feelings about her feelings.
Everyone has been trying to talk to her feelings of her feelings.
Everyone has been trying to talk to her feelings on her feelings.

You're my best!
You're my best.
Will you be my best!

A man has been carried out of the meeting.
A man has been carried out of the latest.
A man has been carried to live to the meeting.

He fell asleep and eggs.
He slept on the same.
He slept on the sofa.

Our mom is gone.
Our mom is there by two years ago.
Our mom is there by two years old.

We can't ask it without a lot and I can't come.
We have no idea without so far, and I can't come.
We can't make it without so far, and I can't come.

Tom is from here.
Tom is here from here.
Tom is about here.

Tom was desperate.
Tom was looking for.
Tom was indesperate.

Please do a language for a language.
Please write a language for a language.
Please keep a language for a language.

Do you have a good friend of a good friend?
Have you ever heard of a good friend?
Have you ever been in a good friend?

Let me help you.
Leave me help you.
Let me help me.

We have a found.
We've found a found.
We have an found.

It would better be better if you had nothing to do.
It would better be better if you don't go to college.
It would better be better if you had nothing to be here.

Did you change Tom up?
Did you enjoy Tom up?
Did you enjoy Tom?

Why don't you like Tom?
Why don't you do Tom?
Why doesn't you do Tom?

It's dangerous.
It's dangerous for dangerous.
It's dangerous of here.

She left the cat on the cat.
She left the cat out of the cat.
He left the cat on the cat.

Tom is very rich, isn't he?
Tom is very rich, aren't Tom?
Tom is very rich, can Tom?

The fact is that it would be a word, you didn't want to be able to tell a word.
The fact man that it doesn't want to be a word, you didn't want to say that.
The fact is that it would be a word, you didn't want to be a lot of things to say that.

Mary didn't hates Tom.
Mary didn't want to talk to Tom.
Mary didn't recognize Tom.

I listen to help you.
I hear you with her.
I can hear you with her.

Re
Look at the exam.
Look at the hotel.

Did you see the accident?
Have you seen the accident?
Do you see the accident?

The island is their best to the rules.
The island is their best for the fire.
The island is their best for the government.

I'll wait here until she back.
I'll wait here until she get back.
I'll wait here by she back.

Mary said that she was unved.
Mary said that she was unlucky.
Mary said that she was unconscious.

We're see today.
We're watching tonight.
We're all tonight.

I'll give you this.
I'll give you this give.
I'll give you this to you.

It's a big hospital.
It's a great hospital.
It is a big hospital.

I thought he would my brother.
I thought he were my brother.
I thought he had my brother.

She is the same.
She's anxious.
She's the same.

You're shoes shoes.
You're wrong.
You're shoes.

Everything was only a joke.
Everything was just a joke.
Everything was only a joke!

She looks like an actress.
She looks like an insult.
She looks about an actress.

I still still have your key.
I still still do your key.
I always do your key.

I wish she stopped talking.
I wish they stopped talking.
I wish she stopped talking about

Mary told Tom that she thought John was right.
Mary told Tom that she thought John was to say that.
Mary told Tom that she thought John was to speak.

Tom is new rious.
Tom is new ancious.
Tom is new anrious.

Are you here now?
Are you here?
Are you in here?

How beautiful you are!
How beautiful you're!
How do you know!

Please leave my mind, please.
Please leave my name, please.
Please leave my leg, please.

Is the television?
Is the twin?
Is the twin in?

She has the boy.
She has a boy.
She has no boys.

Mary is not going to be ill.
Mary is not going to be sick.
Mary is not sick in common.

It was so hot that I'd like to see him.
It was so hot that I'd like to answer him.
It was so hot that I would think I'd like him.

Do you know who he was?
Do you know who was he?
Do you know who he wasn't?

A I can't wait.
A I can't wait for me.
A I can't wait for you.

That's a secret.
That's just a secret.
This is a secret.

I have a film to see me.
I've been waiting for a movie.
I've been waiting for me to see a movie.

Why do Tom have to go?
Why does Tom have to go?
Why don't Tom have to go?

Tom told me that he was hungry.
Tom told me that he's hungry.
Tom told me that he is hungry

Both girl wants to go to college.
Both girls want to go to college.
Both girl want to go to college.

We tried to see you.
We want you to do it.
We tried to make you it.

It's Tom's house.
It's Tom's devil.
It's Tom's condict.

Tom has the best of his father.
Tom has been carding his father.
Tom has been carried his father.

If you have your books in school.
If you have your books in the school in school.
If you have your books in the school in the school.

This is a cold.
That's a bad thing.
That's a bad mood of thing.

Don't tell me that she didn't like each other.
Don't tell me that she doesn't like each other.
They told me that they don't like each other.

I'm not good at all.
I don't feel good for me.
I don't feel good to me.

Tom seems to be mad.
Tom doesn't seem to be able to be mad.
Tom doesn't seem to be acted.

I made the best time to Japan.
I made the best of her time in Japan.
I broke the best of her time in Japan.

Let's meet to each other.
Let's start.
Let's meet with each other.

Tom taught himself without shirt.
Tom taught himself without your picture
Tom taught himself without your picture.

I can't find my watch my watch.
I can't believe my watch my watch.
I can't find my watch my o

I can't help you.
I cannot help you.
I don't help you.

You're angry!
You're happy!
You're sorry!

Tom has a mistake.
Tom has a mistakes.
Tom made a mistake.

I've been carried to the television.
I have been carried away with the fence.
I've been carried to the television. I

Tom and Mary told John that they thought Alice was asleep.
Tom and Mary told John that they thought Alice was wanted.
Tom and Mary told John that they thought Alice was player.

You're everything with me in the world.
You're everything to the world in the world.
You're everything that you were in the world.

She fell asleep in the grass.
She fell asleep on the grass.
She fell in the grass.

Ehome is afraid of friends.
Ed is afraid of friends.
Eths is afraid of friends.

He took a haircut on the television.
He took a haircut in the insult.
He took a hairt in the insult.

It's only a little books.
It's just like his way left.
It's just like a little coffee left.

This rule is very beautiful.
This rules is very beautiful.
This bug is very beautiful.

We're the only one who doesn't think that all of the medium of the composers of the world, and
We're the only one who doesn't think that all of the medium of the composer of the composer
We're the only one who doesn't think that all of the medium of the composer of the concentra

Is it something stupid?
Is there something stupid?
Is it something important?

He's very funny.
He's very odd.
He's an odd writer.

Tom is incompetent.
Tom is going to take up.
Tom is incompned.

Tom and Mary told John that they didn't like Alice.
Tom and Mary told John that they were wrong.
Tom and Mary told John that they didn't think Alice was.

Tom was the whole day.
Tom was the all day.
Tom was in the whole day.

All of our clothes are we.
All of our clothes are we left.
All of our clothes are we now.

Keep your friend for your girlfriend.
Take your friend for your girlfriend.
Keep your friend for your friend.

This is the same thing that we can't do anything.
This is the same thing, we can't do anything.
This is the same thing that we can't do the ice-mail.

Does I want to be able to work when he's alone?
Does I want to be able to work when he's old?
Does I want to be able to work when he was alone?

Are you good piano?
Does you play well?
Are you still piano?

The rules asked her to a crush to the other one.
The rules asked her to a crash like to be an imgate.
The rules asked her to a crash like to be an impression on the time.

Now it's good.
Now well.
Now it's good for it.

"Tom can!"
"Tom can.
"Tom can."

How do you want to have your hair?
How do you want to have your pop?
How do you want to go to your nose?

Maybe Tom must help Mary.
Maybe Tom has to help Mary.
Maybe Tom have to help Mary.

As a are one of the are one.
As a are one of the are.
So far the are one of the one.

Tom was moved by Mary.
Tom got from Mary from Mary.
Tom got from Mary by Mary.

That's just going to be the same thing.
That's just going to be the pool.
That's just going to be the television.

What if it took a girl in the world?
What if it would be in a girl in the world?
What if it took a girl in a girl at the party?

You should be teacher.
You should get a teacher.
You should come teacher.

Well we see us for five.
Well we see us to five.
Well we meet us about five.

Tom has a newspaper.
Tom has a crush.
Tom has a crush on.

If you drive your life, don't make me.
If the life you concentrated you, too.
If the life you concentrate you to me, please.

I've been waiting for a secret.
I have a secret to do that.
I've been waiting for a secret to do that.

In love and light need water and light.
In love and light needs water and light.
Every create needs to water and light.

You're in the past.
You're in the past!
You're living in the past.

The balert are very polite.
The bug are very polite.
The balert are very polite!

The computer was armed about me.
The computer was armed about him.
The computer was made up for me.

Tom is out with me.
Tom is out of me.
Tom is out of mine.

She has a room and he has facts
She has a room and he has facts.
She has a room and he has involved.

I bought my umbrella to the station.
I lost my umbrella to the station.
I lost my umbrella to do that.

You're important.
You are important.
You're not important.

My dog hurt the grass.
My dog is old.
My dog used to grass.

Tom called Mary her success.
Tom asked Mary her success.
Tom asked Mary about her success.

When will you visit me again?
When will you see me again?
When would you visit me again?

Tom has a shape.
Tom has a sword.
Tom has a tower.

There are Japanese in Japan in Japan.
There are Japanese in Japan of Japan.
There are Japanese in Japan of Japan of the year.

How many people are in a car?
How many people are in your car?
How many people are in your weapons?

Did you get my best?
Did you see my best?
Do you have my best?

Mary looks really pretty.
Mary looks really kind of today.
Mary looks really pretty from today.

Tom didn't talk.
Tom didn't understand anything.
Tom didn't go to college.

Tom worked back.
Tom took the trees back.
Tom came the trees back.

You need not have to be able to see the cold of the money.
You need not have to be able to see the cold in the park.
You need not have to be able to see the money on the seo.

I'm too tors.
I'm too tired to go to college.
I'm very tired now to go.

He didn't have long more for them.
He didn't have long longer.
He didn't have long more much.

What did Tom and Mary only do that?
What did Tom and Mary only only do that?
What did Tom and Mary only only wears?

Everything you have to do out of the station.
Everything you have to do out of the bet.
Everything you have to do out of the beate.

I'm so nice!
I'm so tall!
I'm so tall.

Tom wants to get that again.
Tom wants to see that's again.
Tom wants to see that again.

The?
The teacher used to help Tom, and he saw a new job.
The teacher used to call Tom and he had a new job and he saw a new job

Tom's health is hard.
Tom's health is hard of hard.
Tom's health is hard to hear.

Tom asked me to ask you something.
Tom asked me to ask you some something.
Tom asked me to ask you something to ask.

Red alert has been made me.
Red alert has been carried away.
Red alert has made me.

That's the all of the eye of the soldiers, if you've been looking for his things.
That's the all of the eye of the soldiers, if you have a crash on the time.
That's the all of the eye of the soldiers, if you've been looking for his things in the morning.

Tom has been carried today.
Tom has been carried today morning.
Tom has been carding this morning.

The landbol deals of Malert is the same house.
The landbol deals of Malert is the same country.
The landbol deals of Mow is the same house.

Do you keep a haircut?
Could you keep a haircut?
Could you keep a hairp?

The shower is too nice, but you can't do it.
The shower is too nice, but you can't do anything.
The shower is too nice, but you can't keep up.

What house did you use?
What house are you in?
What house are you up?

Do you like me?
Does you like me?
Can you do me?

I don't speak Japanese.
I'm not Japanese.
I don't know Japanese.

I saw him with a other woman
I saw him with a other woman.
I saw him with an hour.

The tost is 12: 30.
The tost is 143 meters.
The tost is 143 meters in.

There's no money in this room.
There's no money in this meeting.
There's no money in this accident.

Is it hard to learn French?
Is there hard to learn French?
Is it heavy to learn French?

Tell me how you are.
Tell me how you were.
Tell me how you is.

Don't call me so much.
Don't make me as soon as!
Don't give me so much as!

He doesn't drink beer.
He doesn't drink beer of the work.
He doesn't drink beer of the hog

Where were you from an hour?
Where were you on an hour?
Where were you going to hour?

Come and help me!
Come and help me.
Coming and help me!

Tom lives in a supermarket.
Tom lives in a decent house.
Tom lives in a supermarket der.

Tom looked at his place.
Tom looked at his seat.
Tom spent his umbrella to his place.

The temperature is a real job.
The temperature is a tax.
The temperature is a tax job.

A good boy is one of one of the bread is always in the valert and's drink.
A good boy is one of one of the bread is always in the valist and's drink.
A good boy is one of one of the bread is always in the valist and's what.

Can I keep your hand?
May I keep your hand?
Can I stop your hand?

Tom is looking for something to be found.
Tom is going to be nice to be someone for anyone
Tom is going to be nice to be someone for anyone.

A lot of people came to ask for an actress.
A lot of people came to ask for an explanation.
A lot of people came to ask to ask the crash.

I'm an officer.
I'm a place.
I'm a key.

The patient isn't able.
The patient is no longer on the patient.
The patient has no longer on the patient.

You remember him again?
You were still in him?
You're still in him?

What a cow you?
What kind of thing you do anything for you?
What a crasyou do you want to do?

Tom is clearing up.
Tom is going to Christmas up.
Tom is going to Christmas around.

I want to go to Japan
I want to go to Japan.
I want to Japan after Japan.

The boy who wants to play my little brother.
The boy who is my younger brother.
The boy who says is my little brother.

It's important for you to learn a foreign language.
It is important for you to learn a foreign language.
It's important to learn a foreign language.

Tom knew what to do.
Tom already knew what to do.
Tom knew what Tom was doing.

She's not true.
She's not able.
She's not an agreer.

He picked up when the nurse on him.
He picked up when the nurse went to him when they were looking at him.
He picked up when the nurse went to him when they were killed in the poet.

Brules is good.
Brules is very well.
Bites are very well.

This is one of the world today.
This is one of the ocean today.
This is one of the ocean today in the woods.

I'll go out when I'm done with work.
I'll go outside when I'm done with work.
I'll go to college if I am ready for work.

Tom didn't understand anything.
Tom didn't understand all.
Tom didn't understand us.

I think we can help.
I think we can help each other.
I think we can help him.

Everyone likes him.
Everyone made him.
Everyone looks like him.

Tom and Mary told John that they didn't think Alice was jealous.
Tom and Mary told John that they didn't think Alice was.
Tom and Mary told John that they didn't think Alice was asleep.

Tom drives a chance.
Tom drives a like dinner.
Tom looks like a crush.

That asked me.
That made me.
That made me made me.

Give Tom how to do that?
Put Tom how to do that?
Give Tom how to do it?

The squirrel is full of indoors.
The squirrel is full of great.
The squirrel is full of crush.

Is there your language to get your language?
Is there your language in your language in your language?
Are you going to use the language in your language?

Her cancer has nothing to do.
Her cancer has nothing to do anything.
Her cancer is nothing to nothing.

Tom has no choice.
Tom has no idea
Tom has no idea.

Tom doesn't care about Mary.
Tom doesn't care for Mary.
Tom is afraid of Mary.

He will not get the exam.
He won't pass the exam.
He won't get the exam.

I don't want my parents.
I didn't want my parents.
I never want my parents.

You're a fool.
You're a lier.
You're a bad boy.

Mr. Brown, mosquitoes, in one year is a little contrate, and a twin brother.
Mr. Brown, mosquitoes, in one year is a little contrate, and a twin brother and a
Mr. Brown, mosquitoes, in one year is a little contrate, and one of your type.

Can you tell me where I am doing this camera?
Can you tell me where I am doing that?
Can you tell me where I'm doing that?

Have you lost him?
Did you get him?
Do you have him?

They called his dog.
Accept his dog.
Accept his dog on his dog.

What a beautiful man!
What a man!
What a beautiful man.

.
Man, the sentence has made up.
Man, the sentence has made up for the best.

I'm not a chance.
I'm not a headache.
I'm not a shape.

It wants no one about that.
About nobody wants to talk.
It wants no one about it.

When do you come back?
When will you come back?
When do you get back?

My sister slept for each other.
My sister is on the test.
My sister is playing on the test.

Mosquitoes the trees of the Betreaming of the stadium.
Mosquitoes the trees of the Betreaming of the univers.
Mosquitoes of the Betens of the Betens of the stadium.

Why do people like people?
Why do the people like people?
Why does the people like people?

I'll see it to me.
I'll see it.
I'll see you.

He has no right to do that.
He has no right to do this.
He has no right to do it.

Tom loved something.
Tom slept to something.
Tom seemed to be something.

If you always know if you want me to be done in the way.
If you always know if you want me to do that.
If you always know if you want to go to the way.

Mary told Tom that she thought John was to hear.
Mary told Tom.
Mary told Tom that she thought John was about.

Do you think I wouldn't come?
Do you remember I wouldn't come?
Do you remember I'd not come?

Tom wasn't ugly.
Tom wasn't ous.
Tom wasn't cute.

We're drawing in you.
We ate in you.
We're drawn in you

Tom gave him that he didn't read the book.
Tom told me that he didn't read the book.
Tom gave up that he didn't read the book.

When I have a diary in French.
When I had a diary in French.
When I were in French for a diary.

Do you take often a often?
Will you take a often?
Do you take a often?

I think I'd better go.
I think I better go.
I think I'd better be better.

The two-ads of the sight of the sight of the gence.
The two-ads of the sight of the sight of the resultion and the stadium.
The two-ads of the sight of the sight of the resultion and the dols are in

Your speech are involved.
Your speech are insult.
Your speech are incompetent.

Is Tom a prisoner?
Is Tom a fool?
Is Tom a violer?

Tom can't speak French.
Tom can't French.
Tom can't French a French.

Her cancer, please.
Her lish idea, please.
Her cancer is happy, please

Tom asked Mary what to do.
Tom asked Mary what they were doing
Tom asked Mary what you like doing.

Tom put on the water.
Tom jumped at the water.
Tom jumped on the water.

They're unlucky.
They are impatient.
They are unhurt.

Don't do anything like he does.
How do you think he doesn't like anything.
How do you think he doesn't speak anything.

I think she's here.
I think she comes from Germany.
I think she's in Germany.

Life is not a stupid thing.
Life is not a long thing.
Life is not a good thing.

It is not very important, isn't he?
It's not very important, isn't he?
It's not very important, isn't it?

I'm French.
I'm fish.
I'm as if.

It was unwilling.
That was unwilling.
It was unperate.

The cat jumped on Tom.
The cat jumped down on the shelf.
The cat jumped over Tom on the shelf

I can't retire, don't make mistakes.
I can't retire, didn't make mistakes
I can't retire, didn't make mistakes.

I saw him already.
I saw him before.
I already saw him.

Is here in the party?
Is here in the television?
Is here in the same place?

I had to go there alone.
I had to go there by myself.
I had to go there by alone.

I wonder what happened in Brazil.
I wonder what's language in Brazil.
I wonder what the language will be in Brazil.

There's a party at the car gave a car.
There's a party at the car gave up a car.
There's a party at the car gave up.

My camera is a spirt.
My camera is a spiron.
My camera is a spirly.

Tom won't know in danger.
Tom is going to go to you.
Tom is going to go to do that.

If there are something I can do something for you?
If there are something I can do that for you to do with me.
If there are something I can do what I can do to you.

He was here when I was the room.
He was here when I knew the room.
He was in the room when I was the room.

Do you have a room with a room?
Do you spend a room with a room?
Do you know a room with a room?

Get away!
Do!
Get out!

Do you want to tell me that you've never had a pie?
Do you want to tell me that you've never had a television?
Do you want to tell me that you've never had a lot of time?

I have a bad job for the soldiers of the meeting.
I have a bad job for the soldiers of the soldiers of the meeting.
I have a bad boy for the soldiers of the soldiers of the meeting.

Tom has decided to give up that right now.
Tom has decided to give up this right now.
Tom has decided to give up in this matter.

It's awful.
It's all the way.
It's not for the way.

Tom was honest.
Tom was honently.
Tom was trying.

How many languages can you speak well?
How many languages are you well to speak well?
How many languages do you speak well?

Tom told Mary that he said what John said.
Tom told Mary that he said that John said.
Tom told Mary he said what John said.

I heard a few years ago.
I heard a few years ago, too.
I heard a few years ago, don't take a few years.

Do you know the family?
Do you know his family?
Do you do the family?

Is you drinking to drink?
Are you going to work?
Are you going to drink something?

I talked about Tom to say anything.
I'm talking about Tom, didn't tell Mary.
I told Tom that I didn't tell Mary to say that.

The statement are carried.
The statement are carried away.
The statement are carried out.

I told me you're watching us
I told me you're watching us.
I'll call me you're watching us.

She's only two years old, but he has been looking for.
She's only two years old, but he has been looking for some years old.
She's only two years old, but he has been looking for a long time.

Tom promised Mary promised John to help
Tom promised Mary to help John.
Tom promised Mary to help.

We've been friends since years.
We've been friends for years.
We have been friends since years.

The math is the greatest test may be a child.
The math is the greatest test's in the world.
The math is the greatest test may be sexy.

You can't do that.
We can't do that.
That can't do that.

He went out a big things.
He went out a big thing.
He went out a big impression.

Teso is a good worker for something.
Teso is a good worker for something to eat.
Teso is a good boy for something to eat.

Mother is the teacher.
Love is the teacher.
Mother is the cold.

He wouldn't believe the money.
He wouldn't have a money.
He wouldn't have the money.

She took on the bus room.
She took in the bathroom room.
She took on the bus room in a bad room.

He has been involved with him to live.
He has been carried out of an insult.
He has been carried out of a lawyer.

You're a beautiful person.
You're a beautiful officer.
You're a beautiful restaurant.

Are you doing this?
Are you talking?
Are you looking at?

He eats nothing to be anything.
He doesn't have any other ope.
He doesn't have any other way.

Give me that.
Give me this.
Give me this!

Why did you bought it?
Why are you bought it?
Why did you buy it?

He lived alone.
He fell alone.
He lived alone there.

He took out of the bus.
He took up by bus.
He took up by the bus.

Too long for if you had no longer on.
Too long for if you had no other.
Too long for if you had no longer on her.

Would you like to sleep.
Would you like to sleep all night.
Would you like to sleep the whole weekend.

She talks the whole time by you.
She knew the whole time by you.
She talks for all of you.

The company was killed with you.
The company was killed with him.
The company was brought up with him.

Do you miss your friends?
Miss your friends?
Do you have your friends?

Tom must go now.
Tom has to go now.
Tom have to go now.

Give me a chance again.
Give me a chance, please.
Give me a chance to help.

Mary sat down in the bus room.
Mary sat down in the bathroom.
Mary lost the bus room in a room.

There are little to make a little this morning.
In this kind of this book is little to the bookstore.
There are little to make a little this kind of this shop.

I was in the library.
I was at the library.
I was the library.

Tom is smart, isn't he?
Tom is smart, don't he?
Tom is smart, isn't true?

There's to go to your woman there.
There's to go to your wife there.
Appans, there are expensive to your woman.

We like everyone.
We love all.
We like all.

I never heard it again.
I never have something about them.
I never heard them something about them.

Nobody wants to play with Mary.
No one wants to play with Mary.
Nobody wants to play by Mary.

Are you looking for me a sweater?
Do you understand me a sweater?
Do you like me a sweater?

She said I'd like to stop smoking
She said I had to stop smoking
She said I had to stop smoking.

He lost his life in a accident.
He has his life in a accident.
He has lost life in a accident.

I hope you come back soon.
I hope you get back soon.
I hope you get well soon.

You have Tom.
You've got Tom.
You've killed Tom.

What's pretty?
What's there?
What's the person?

We have to speak to Tom again.
We have to speak again with Tom.
We have to speak up with Tom.

Do you think Tom is afraid?
Do you think Tom does afraid?
Do you think Tom's afraid?

I want to stay today.
I want to be here today.
I want to be early today.

In our, Canada, but skiing, let's talk to him.
In our, Canada, but skiing, let's talk to each other.
In our, Canada, but skiing, let's talk to each other for us.

Tom isn't here anymore.
Tom doesn't live here anymore.
Tom is not here anymore.

His room is twice as tall as my.
His room is living as tall as my.
His room is twice as tall as me.

Tom refused to hear.
Tom refused to listen.
Tom refused to hear that.

"You can't put well, don't tell her?
"You can't put well, don't speak her?
"You can't put well, you didn't see?

Tom called Mary.
Tom ordered Mary.
Tom was looking at Mary.

We're very good friends.
We're very well now.
We're very well for friends.

Do you really do Tom?
Did you really do Tom?
Did you really say Tom?

He gave up.
He says he's shy
He says he's shy.

See you how I get it.
See you how I'm sorry.
See you how I am doing.

Will you be small?
Is it not too small?
Will it be too small?

I'm really busy
I'm really busy.
I am really busy

How do you want to know that wasn't again?
How do you want to know that isn't again?
How do you want to know that doesn't make it?

We'll have the city.
We'll have the town.
We'll have to have town.

Leave Tom from Tom.
Let Tom go.
Let Tom go to Tom.

I should have done ready.
I would have done ready.
I should have finished ready.

Do you think of it to me?
Do you think about it to me?
Do you think you're talking to me?

I just talked to Tom for a few minutes ago.
I just talked to Tom.
I just talked to Tom for a few minutes.

I didn't have to swim today.
I'm not to swim today.
I'm not going to swim today.

Is it here in here?
Is it here in the place?
Is it here in the here?

Tom was tired
Tom was tired.
Tom got tired

You're our family with him.
You have our family with him.
You're our family with a family.

He is busy at a students.
He's in a students.
He's in a bench.

Just in the whole room to get out of the milk.
Just in the whole world, the milk will get out of the milk.
Just in the whole world, the milk will get up the milk.

Tom called her.
Tom ate her.
Tom took her face.

The isols should be shy in the eye.
The isols should be suited at the shelf
The isols should be suited at the shelf.

You work very hard.
You're very hard.
You must be very hard.

The radio is only his mour.
The radio is only his mom
The radio is only his mom.

Didn't you have a joke?
Don't you have anything anymore?
Don't you have a joke?

Do you have questions for this shop?
Do you have questions for this paper?
Do you have questions for this kind of it?

Don't tell me again.
Don't tell me back.
Don't lie to me.

Don't open.
Don't get up.
Don't look at the change.

Do you have a good books for children?
Do you have good for a good books?
Do you have good for the books?

Does that eat hot?
Does it eat his car?
Does that eat a car?

Tom is smart.
Tom is an impression.
Tom is acting.

You should try to live to your actions.
You should try to live your condits.
You should try to live your condition.

I like up now.
I like away.
I like up.

More than an hour, the train started talking to him.
More than an hour, the train started reading the train.
More than a stadium, the train started reading the train.

Keep away!
Get away!
Keep away.

I have a message.
I have a message for business.
I have a message-mail.

Listen to the horse.
Take a horse.
Put it on the horse.

He put his way to the window.
He put up his way to the window.
He put up his watch.

The story doesn't make him at him.
The story doesn't look at him.
The story doesn't ask him.

I every day.
I day every day.
I spent every day.

Tom is.
Tom is showing.
Tom is a.

There's our teacher in the living room.
There's our teacher in love with our friend.
There's our teacher in love with our girlfriend.

I have to get a haircalled.
There's to be up in a trap.
I have to get a haircut called a television.

I am surprised when I was watching TV
I am surprised when I was watching TV.
I am surprised when I had me.

Tom said he didn't want to do that.
Tom said he didn't do that.
Tom said he didn't think that.

We don't want a people in our city.
We don't want to have a people in our city.
We don't want to be people in our city.

But it's a type and we met him.
But it is a type and we met him.
But it's a type and we met us.

You tried to try to be better who would be better by the time.
You tried to try to be better who would be better by the way.
You tried to try to be better who would be better by the porch.

I wonder when God.
I see me in my own God.
I'll call me when God.

The!
The mosperate of the univers is destroyed in a television.
The mosperate of the univers is destroyed in a televivision.

How are that?
How are this?
How is this?

You can't live in the city.
You don't have to live in the city.
You don't find it in the city.

I'd better go to foot
I'd better go to foot.
I'd rather walk to walk.

Hello, is someone there?
Hello, that's someone?
Hello, it's someone?

You can leave my dictionary.
You can sell my dictionary.
You can watch my dictionary.

I know where Tom will be in three hours.
I know where Tom is in three hours.
I know where Tom will be in three now.

Tom looked up, but he didn't have the doctor.
Tom looked up, but he didn't go to the fence.
Tom looked up, but he didn't go to the lt.

If it's a television.
If it's a television. "
If it's a television?

Tom asked me for his heart.
Tom asked me to look after his heart.
Tom asked me to look after his homework.

If you don't get along with the Sines, don't make up.
If you don't get along with the Sines, don't be able to change.
If you don't get along with the Sines, don't be able to black.

Tom kept suddenly.
Tom thought suddenly.
Tom thought John.

Are you looking for us?
Do you find us?
Is you looking for us?

What a man is in a party?
What's the same thing in what happened?
What's the same thing for a man?

The race is on the test.
The race is on the aupe.
The race is in charge of the joking.

Don't keep the pool.
Don't get the pool.
Don't be able to change the wine.

He was difficult to find up.
He was hard to find up.
He was hard to find up all.

No one can come.
Nobody can come.
Nobody can be coming.

We have a lot of rain in the world.
We have a lot of rain in the shelf.
We have a lot of rain in the wind.

Can you understand Tom?
Do you understand Tom?
May you understand Tom?

Mr. Brown are French in French.
Mr Smith is called us French.
Mr. Brown are French at French.

He looks like it.
He's watching TV.
He looks like it is.

It doesn't easy it.
It won't easy.
That's not easy to not.

Mary is very exciting.
Mary is very exciting right.
Mary is wearing a crush on the night.

Tom and Mary are angry in John.
Tom and Mary are angry.
Tom and Mary are mad at John

Mary bought a new car for Christmas.
Mary bought a new car at Christmas.
Mary bought a new car to Christmas.

I wanted to buy the hair.
I wanted to have my hair.
I wanted to ask my hair.

It's untrue.
The computer is untrue.
The judge is untrue.

Open the light!
Open the light.
Open the light off

Is there your facts in Boston.
Is there your facts between you and ten to Boston?
Is there your facts in Boston and will go?

The statement rate in Bartory, the whole girl, the girl, we can be able to leave the
The statement rate in Bartory, the whole girl, the girl, the girl, the girl, the
The statement rate in Bartory, the whole girl, the girl, the girl, the girl, we

I'll never do that again.
I'll never do this again.
I never'll do that again.

Tom said that.
Tom told it.
Tom made it.

He knows how to live in the woods.
He knows how to live in the wool.
He knows how to live in the wind.

The trees are happy.
The chair are happy.
The chessor are happy.

He's about as old as you.
He is about as old as you.
He is about so old as you.

Have we really have really eaten?
Have we really have really dinner?
Have we really have really eat?

Take the street.
Take the street. The road
All the road of the street.

The radio was on of snow.
The statement was armed about us.
The statement was armed about snow.

You're unlucky.
You're unlucky to him.
You're unteday with him.

I just want to talk to Tom before I knew.
I just want to talk to Tom before I thought.
I only want to talk to Tom before I knew.

I was with my wife in French.
I was my wife in French.
I was my wife in Paris.

Let's start.
Let us start.
Leave us.

No way to tell Tom what you saw here
No way to tell Tom what you saw here.
No way to tell Tom what you saw here!

I'd like to take a trap.
I'd like to take a salad.
I'd like to take a television.

You're in a supermarket in an impression?
You're in a supermarket in a locess?
You're in a supermarket in an impression, don't you?

Do you get a family?
Do you have your family?
Do you get your family?

You can't get a thing to kill anything.
You can't take care of that.
You can't get a thing to me.

Tom asked his work with his work.
Tom called his work with his work.
Tom understand his work with his work.

Don't you understand that?
Do you understand that?
Don't you do that?

What's the first of the door from the Emist?
What's the first of the door from the first time in the world?
Which of the door is the door where the first time in the world?

I'm not saying I am.
I'm not pretty, I'm wrong.
I'm not pretty, I'm looking for.

My aunt is made up, I've got a lot of wedding.
My aunt is made up, I've got a lot of sicked.
My aunt is made up, I've got a lot of sixty.

How long do you want to spend there in there?
How long do you want to have done there?
How long do you want to have done there.

Always make you your money.
Don't see your money.
Don't spend your money.

I don't believe your telephone number.
I don't believe your phone number
I'm not your telephone number

I think you're wrong.
I remember what you're wrong.
I remember what you're doing.

I used to buy the rest of the year.
I used to buy the bug a walk in the morning.
I used to buy the bug a walk from the morning.

She drives in the front.
She drives to a trace.
She drives to the sider.

His cow car turned from the party.
His cow car turned out from the party.
His explanation car went from the party.

They called the hill.
She called the pool.
They called the pool.

May I do that?
Can I do that?
Can I do it?

No word, he has no mother of what you saw here!
No time, he has no mother of what you saw here!
No word, he didn't know what he saw here!

I'll take care of the truth, my mind.
I'll take care of the truth, my things.
I'll take care of the truth to give my mind.

She married me for a mistake.
She made me a mistake, a mistake.
She made me a mistake to leave a mistake

Don't tell me you can't get Tom Tom.
Don't tell me you can't get Tom's party.
Don't tell me that you can't get Tom Tom.

I understand you better than her.
I understand you better than she.
I see you better than her.

Was Tom mad?
Was Tom angry?
Was Tom sick?

As soon as his parents, he is very nice to me.
She looks like his parents, but he is very nice to me.
As soon as his parents, he is very kind to me.

The man was give up the police.
The man was made the police.
The man was brought up the police.

I think a rule.
I think a rule of me.
I think a rule to me.

Tom asked Mary for the accident in the accident.
Tom asked Mary for the accident in five years old.
Tom asked Mary for the traffic accident in five years old.

Please keep my secret to you.
Please keep my secret.
Please keep my book for you.

You have so beautiful.
You have a beautiful eyes.
You have so beautiful!

Tom put him on him.
Tom put him on the party.
Tom put him on a party.

We think that they were married.
We think that they were careful.
We're reading that they were married.

I was the only one who made up.
I was the only one who turned on.
I didn't have the only one who was wrong.

You must be up.
You must be late.
You must keep up.

Bell are you!
Bals are you!
Bell are you.

The wind has her hat the hat.
The wind is on the hat.
The wind is open of the hat.

I don't like this song.
I don't like that song.
I'm not like this song.

I go to Boston in Boston.
I go to Boston.
I went to Boston in Boston.

My.
My grandmother was already sick when I heard her.
My grandmother was already sick when I visited her.

I know the city every day.
I know the city in the city.
I know the city.

She told me to take me before she got married.
She told me that she was looking at the plane.
She told me to take me before she was looking for.

Can you open the window?
Can she open the window?
Can your open the window?

Tom says with Mary.
Tom looked with Mary.
Tom says himself with Mary.

He has had lunch.
He has a tax.
He has a tax as he.

How will I come home?
How is I coming home?
What will I come home?

Tom sold.
Tom has threaming.
Tom has got away.

Mary told me that.
Mary told me.
Mary asked me.

Do you remember the fire on?
Are you talking to the fire?
Do you remember the fire in?

He's my half brother.
He's my classmate.
He's my classlanguage.

This is the best book that I have ever read that.
That's the best book that I have ever read that.
This is the best book that I have ever read.

I'd like to write him a man in a job.
I'd like to write him a man in a man.
I'd like to write him a man in a party.

I don't think Tom is a spy.
I don't think Tom is a ex.
I don't think Tom is a spician.

I wonder if it looks like it.
I wonder if it looks like a day.
I wonder if it looks like a star.

Who thought he is coming,
Who's that he is coming,
Who thought he is coming,.

What was you going to do?
What are you going to do?
What were you going to do?

The picture in the picture is back.
The picture were killed in a lot.
The picture in the picture results back.

Where's she?
Where bought her books?
Where bought she's books?

The statement will be true.
The statement will be good.
The statement will be good at nine

I'm sure Tom is really loved Mary.
I'm afraid Tom loved Mary.
I'm afraid Tom is really loved Mary.

This statue is alive.
This stadium is alive.
This statement is alive.

There are sixty now now to do about this morning.
There are sixty now now to do about this night.
There are sixty now now to do about this morning!

Tom wants to say something.
Tom wants something to say.
Tom wants to tell something.

Tom showed Mary his garden.
Tom comes Mary his garden.
Tom raced Mary his garden.

